Using pre-set license

 COMMAND LINE ARGUMENTS:
/Applications/Unity/Hub/Editor/2020.2.4f1/Unity.app/Contents/MacOS/Unity
-adb2
-batchMode
-noUpm
-name
AssetImportWorker0
-projectPath
/Users/Dani/Desktop/UPF 3ยบ/Interactive systems/P2/P2_IntroductionToScripting
-logFile
Logs/AssetImportWorker0.log
-srvPort
52828
Successfully changed project path to: /Users/Dani/Desktop/UPF 3ยบ/Interactive systems/P2/P2_IntroductionToScripting
/Users/Dani/Desktop/UPF 3ยบ/Interactive systems/P2/P2_IntroductionToScripting
Using Asset Import Pipeline V2.
Refreshing native plugins compatible for Editor in 25.87 ms, found 1 plugins.
Preloading 0 native plugins for Editor in 0.00 ms.
Initialize engine version: 2020.2.4f1 (becced5a802b)
[Subsystems] Discovering subsystems at path /Applications/Unity/Hub/Editor/2020.2.4f1/Unity.app/Contents/Resources/UnitySubsystems
[Subsystems] Discovering subsystems at path /Users/Dani/Desktop/UPF 3ยบ/Interactive systems/P2/P2_IntroductionToScripting/Assets
GfxDevice: creating device client; threaded=0
2021-05-01 20:45:36.169 Unity[7012:188884] Color LCD preferred device: AMD Radeon R9 M370X (high power)
2021-05-01 20:45:36.169 Unity[7012:188884] Metal devices available: 2
2021-05-01 20:45:36.169 Unity[7012:188884] 0: AMD Radeon R9 M370X (high power)
2021-05-01 20:45:36.169 Unity[7012:188884] 1: Intel Iris Pro Graphics (low power)
2021-05-01 20:45:36.170 Unity[7012:188884] Using device AMD Radeon R9 M370X (high power)
Initializing Metal device caps: AMD Radeon R9 M370X
Initialize mono
Mono path[0] = '/Applications/Unity/Hub/Editor/2020.2.4f1/Unity.app/Contents/Managed'
Mono path[1] = '/Applications/Unity/Hub/Editor/2020.2.4f1/Unity.app/Contents/MonoBleedingEdge/lib/mono/unityjit'
Mono config path = '/Applications/Unity/Hub/Editor/2020.2.4f1/Unity.app/Contents/MonoBleedingEdge/etc'
Using monoOptions --debugger-agent=transport=dt_socket,embedding=1,server=y,suspend=n,address=127.0.0.1:56012
Begin MonoManager ReloadAssembly
Registering precompiled unity dll's ...
Register platform support module: /Applications/Unity/Hub/Editor/2020.2.4f1/Unity.app/Contents/PlaybackEngines/MacStandaloneSupport/UnityEditor.OSXStandalone.Extensions.dll
Registered in 0.000521 seconds.
Native extension for OSXStandalone target not found
Refreshing native plugins compatible for Editor in 22.74 ms, found 1 plugins.
Preloading 0 native plugins for Editor in 0.00 ms.
Invoked RoslynAnalysisRunner static constructor.
RoslynAnalysisRunner will not be running.
RoslynAnalysisRunner has terminated.
Mono: successfully reloaded assembly
- Completed reload, in  1.833 seconds
Platform modules already initialized, skipping
Registering precompiled user dll's ...
Registered in 0.002426 seconds.
Begin MonoManager ReloadAssembly
Native extension for OSXStandalone target not found
Refreshing native plugins compatible for Editor in 0.24 ms, found 1 plugins.
Preloading 0 native plugins for Editor in 0.00 ms.
Invoked RoslynAnalysisRunner static constructor.
RoslynAnalysisRunner will not be running.
RoslynAnalysisRunner has terminated.
Mono: successfully reloaded assembly
- Completed reload, in  1.043 seconds
Platform modules already initialized, skipping
========================================================================
Worker process is ready to serve import requests
Launching external process: /Applications/Unity/Hub/Editor/2020.2.4f1/Unity.app/Contents/Tools/UnityShaderCompiler
Launched and connected shader compiler UnityShaderCompiler after 0.02 seconds
Refreshing native plugins compatible for Editor in 0.23 ms, found 1 plugins.
Preloading 0 native plugins for Editor in 0.00 ms.
Unloading 1109 Unused Serialized files (Serialized files now loaded: 0)
System memory in use before: 108.4 MB.
System memory in use after: 108.5 MB.

Unloading 9 unused Assets to reduce memory usage. Loaded Objects now: 1551.
Total: 3.025232 ms (FindLiveObjects: 0.231763 ms CreateObjectMapping: 0.051001 ms MarkObjects: 2.647554 ms  DeleteObjects: 0.093281 ms)

========================================================================
Received Import Request.
  path: Assets/RW/Scripts/Sheep.cs
  artifactKey: Guid(d58e3a96d5be0494bb1e41a3348ac561) Importer(815301076,1909f56bfc062723c751e8b465ee728b)
Start importing Assets/RW/Scripts/Sheep.cs using Guid(d58e3a96d5be0494bb1e41a3348ac561) Importer(815301076,1909f56bfc062723c751e8b465ee728b)  -> (artifact id: '47961ac784ababf74ce29ec46103e33b') in 0.383464 seconds
  Import took 0.386999 seconds .

========================================================================
Received Import Request.
  Time since last request: 15.248839 seconds.
  path: Assets/RW/Scripts/MachineMovement.cs
  artifactKey: Guid(b9244715a126045fd9f8e59cac2c9c66) Importer(815301076,1909f56bfc062723c751e8b465ee728b)
Start importing Assets/RW/Scripts/MachineMovement.cs using Guid(b9244715a126045fd9f8e59cac2c9c66) Importer(815301076,1909f56bfc062723c751e8b465ee728b)  -> (artifact id: 'd8390cfcb4072ed775336b26e5f4e7c9') in 0.005278 seconds
  Import took 0.008064 seconds .

========================================================================
Received Prepare
Registering precompiled user dll's ...
Registered in 0.001177 seconds.
Begin MonoManager ReloadAssembly
Native extension for OSXStandalone target not found
Refreshing native plugins compatible for Editor in 0.24 ms, found 1 plugins.
Preloading 0 native plugins for Editor in 0.00 ms.
Invoked RoslynAnalysisRunner static constructor.
RoslynAnalysisRunner will not be running.
RoslynAnalysisRunner has terminated.
Mono: successfully reloaded assembly
- Completed reload, in  0.948 seconds
Platform modules already initialized, skipping
Refreshing native plugins compatible for Editor in 0.27 ms, found 1 plugins.
Preloading 0 native plugins for Editor in 0.00 ms.
Unloading 1103 Unused Serialized files (Serialized files now loaded: 0)
System memory in use before: 112.7 MB.
System memory in use after: 112.8 MB.

Unloading 4 unused Assets to reduce memory usage. Loaded Objects now: 1553.
Total: 2.694323 ms (FindLiveObjects: 0.268142 ms CreateObjectMapping: 0.098419 ms MarkObjects: 2.303318 ms  DeleteObjects: 0.022873 ms)

========================================================================
Received Import Request.
  Time since last request: 326.005159 seconds.
  path: Assets/RW/Scripts/Sheep.cs
  artifactKey: Guid(d58e3a96d5be0494bb1e41a3348ac561) Importer(815301076,1909f56bfc062723c751e8b465ee728b)
Start importing Assets/RW/Scripts/Sheep.cs using Guid(d58e3a96d5be0494bb1e41a3348ac561) Importer(815301076,1909f56bfc062723c751e8b465ee728b)  -> (artifact id: 'dcc9b04c478155998a311a357b08df45') in 0.008324 seconds
  Import took 0.011652 seconds .

========================================================================
Received Prepare
Registering precompiled user dll's ...
Registered in 0.001000 seconds.
Begin MonoManager ReloadAssembly
Native extension for OSXStandalone target not found
Refreshing native plugins compatible for Editor in 0.24 ms, found 1 plugins.
Preloading 0 native plugins for Editor in 0.00 ms.
Invoked RoslynAnalysisRunner static constructor.
RoslynAnalysisRunner will not be running.
RoslynAnalysisRunner has terminated.
Mono: successfully reloaded assembly
- Completed reload, in  0.921 seconds
Platform modules already initialized, skipping
Refreshing native plugins compatible for Editor in 0.24 ms, found 1 plugins.
Preloading 0 native plugins for Editor in 0.00 ms.
Unloading 1103 Unused Serialized files (Serialized files now loaded: 0)
System memory in use before: 112.9 MB.
System memory in use after: 113.0 MB.

Unloading 4 unused Assets to reduce memory usage. Loaded Objects now: 1555.
Total: 2.107518 ms (FindLiveObjects: 0.219771 ms CreateObjectMapping: 0.046806 ms MarkObjects: 1.824412 ms  DeleteObjects: 0.015346 ms)

========================================================================
Received Import Request.
  Time since last request: 78.745386 seconds.
  path: Assets/RW/Prefabs/Sheep.prefab
  artifactKey: Guid(3b07d8713ada341d5bac285dd0d584b4) Importer(815301076,1909f56bfc062723c751e8b465ee728b)
Start importing Assets/RW/Prefabs/Sheep.prefab using Guid(3b07d8713ada341d5bac285dd0d584b4) Importer(815301076,1909f56bfc062723c751e8b465ee728b)  -> (artifact id: '6f0a72362d861f10f80b8adbe71cc41d') in 0.488155 seconds
  Import took 0.491267 seconds .

========================================================================
Received Import Request.
  Time since last request: 152.470295 seconds.
  path: Assets/RW/Scripts/SheepSpawner.cs
  artifactKey: Guid(0f2348f9aed06401d81288da88c54435) Importer(815301076,1909f56bfc062723c751e8b465ee728b)
Start importing Assets/RW/Scripts/SheepSpawner.cs using Guid(0f2348f9aed06401d81288da88c54435) Importer(815301076,1909f56bfc062723c751e8b465ee728b)  -> (artifact id: 'e9c919fe8fe33025d815a648264a697a') in 0.002608 seconds
  Import took 0.005329 seconds .

========================================================================
Received Prepare
Registering precompiled user dll's ...
Registered in 0.001067 seconds.
Begin MonoManager ReloadAssembly
Native extension for OSXStandalone target not found
Refreshing native plugins compatible for Editor in 0.24 ms, found 1 plugins.
Preloading 0 native plugins for Editor in 0.00 ms.
Invoked RoslynAnalysisRunner static constructor.
RoslynAnalysisRunner will not be running.
RoslynAnalysisRunner has terminated.
Mono: successfully reloaded assembly
- Completed reload, in  1.013 seconds
Platform modules already initialized, skipping
Refreshing native plugins compatible for Editor in 0.24 ms, found 1 plugins.
Preloading 0 native plugins for Editor in 0.00 ms.
Unloading 1104 Unused Serialized files (Serialized files now loaded: 0)
System memory in use before: 120.9 MB.
System memory in use after: 121.0 MB.

Unloading 4 unused Assets to reduce memory usage. Loaded Objects now: 1565.
Total: 2.606548 ms (FindLiveObjects: 0.221351 ms CreateObjectMapping: 0.072425 ms MarkObjects: 2.291561 ms  DeleteObjects: 0.019204 ms)

========================================================================
Received Prepare
Registering precompiled user dll's ...
Registered in 0.001184 seconds.
Begin MonoManager ReloadAssembly
Native extension for OSXStandalone target not found
Refreshing native plugins compatible for Editor in 0.23 ms, found 1 plugins.
Preloading 0 native plugins for Editor in 0.00 ms.
Invoked RoslynAnalysisRunner static constructor.
RoslynAnalysisRunner will not be running.
RoslynAnalysisRunner has terminated.
Mono: successfully reloaded assembly
- Completed reload, in  0.947 seconds
Platform modules already initialized, skipping
Refreshing native plugins compatible for Editor in 0.23 ms, found 1 plugins.
Preloading 0 native plugins for Editor in 0.00 ms.
Unloading 1104 Unused Serialized files (Serialized files now loaded: 0)
System memory in use before: 121.0 MB.
System memory in use after: 121.1 MB.

Unloading 4 unused Assets to reduce memory usage. Loaded Objects now: 1567.
Total: 2.620013 ms (FindLiveObjects: 0.223600 ms CreateObjectMapping: 0.070265 ms MarkObjects: 2.301505 ms  DeleteObjects: 0.022235 ms)

========================================================================
Received Prepare
Registering precompiled user dll's ...
Registered in 0.001105 seconds.
Begin MonoManager ReloadAssembly
Native extension for OSXStandalone target not found
Refreshing native plugins compatible for Editor in 0.29 ms, found 1 plugins.
Preloading 0 native plugins for Editor in 0.00 ms.
Invoked RoslynAnalysisRunner static constructor.
RoslynAnalysisRunner will not be running.
RoslynAnalysisRunner has terminated.
Mono: successfully reloaded assembly
- Completed reload, in  0.923 seconds
Platform modules already initialized, skipping
Refreshing native plugins compatible for Editor in 0.25 ms, found 1 plugins.
Preloading 0 native plugins for Editor in 0.00 ms.
Unloading 1104 Unused Serialized files (Serialized files now loaded: 0)
System memory in use before: 121.2 MB.
System memory in use after: 121.3 MB.

Unloading 4 unused Assets to reduce memory usage. Loaded Objects now: 1569.
Total: 2.885179 ms (FindLiveObjects: 0.324355 ms CreateObjectMapping: 0.077736 ms MarkObjects: 2.459057 ms  DeleteObjects: 0.021923 ms)

========================================================================
Received Prepare
Registering precompiled user dll's ...
Registered in 0.000951 seconds.
Begin MonoManager ReloadAssembly
Native extension for OSXStandalone target not found
Refreshing native plugins compatible for Editor in 0.25 ms, found 1 plugins.
Preloading 0 native plugins for Editor in 0.00 ms.
Invoked RoslynAnalysisRunner static constructor.
RoslynAnalysisRunner will not be running.
RoslynAnalysisRunner has terminated.
Mono: successfully reloaded assembly
- Completed reload, in  0.920 seconds
Platform modules already initialized, skipping
Refreshing native plugins compatible for Editor in 0.23 ms, found 1 plugins.
Preloading 0 native plugins for Editor in 0.00 ms.
Unloading 1104 Unused Serialized files (Serialized files now loaded: 0)
System memory in use before: 121.4 MB.
System memory in use after: 121.5 MB.

Unloading 4 unused Assets to reduce memory usage. Loaded Objects now: 1571.
Total: 2.219086 ms (FindLiveObjects: 0.242003 ms CreateObjectMapping: 0.051715 ms MarkObjects: 1.910263 ms  DeleteObjects: 0.013527 ms)

========================================================================
Received Prepare
Registering precompiled user dll's ...
Registered in 0.002437 seconds.
Begin MonoManager ReloadAssembly
Native extension for OSXStandalone target not found
Refreshing native plugins compatible for Editor in 0.25 ms, found 1 plugins.
Preloading 0 native plugins for Editor in 0.00 ms.
Invoked RoslynAnalysisRunner static constructor.
RoslynAnalysisRunner will not be running.
RoslynAnalysisRunner has terminated.
Mono: successfully reloaded assembly
- Completed reload, in  0.962 seconds
Platform modules already initialized, skipping
Refreshing native plugins compatible for Editor in 0.24 ms, found 1 plugins.
Preloading 0 native plugins for Editor in 0.00 ms.
Unloading 1104 Unused Serialized files (Serialized files now loaded: 0)
System memory in use before: 121.5 MB.
System memory in use after: 121.6 MB.

Unloading 4 unused Assets to reduce memory usage. Loaded Objects now: 1573.
Total: 3.131584 ms (FindLiveObjects: 0.358133 ms CreateObjectMapping: 0.075428 ms MarkObjects: 2.680419 ms  DeleteObjects: 0.015869 ms)

========================================================================
Received Import Request.
  Time since last request: 962.148345 seconds.
  path: Assets/RW/Scripts/SheepSpawner.cs
  artifactKey: Guid(0f2348f9aed06401d81288da88c54435) Importer(815301076,1909f56bfc062723c751e8b465ee728b)
Start importing Assets/RW/Scripts/SheepSpawner.cs using Guid(0f2348f9aed06401d81288da88c54435) Importer(815301076,1909f56bfc062723c751e8b465ee728b)  -> (artifact id: 'e13a781b061fead9bbf9c4053e676cce') in 0.005575 seconds
  Import took 0.008108 seconds .

========================================================================
Received Import Request.
  Time since last request: 0.029171 seconds.
  path: Assets/RW/Scripts/SheepSpawner.cs
  artifactKey: Guid(0f2348f9aed06401d81288da88c54435) Importer(815301076,1909f56bfc062723c751e8b465ee728b)
Start importing Assets/RW/Scripts/SheepSpawner.cs using Guid(0f2348f9aed06401d81288da88c54435) Importer(815301076,1909f56bfc062723c751e8b465ee728b)  -> (artifact id: 'e13a781b061fead9bbf9c4053e676cce') in 0.001887 seconds
  Import took 0.004849 seconds .

========================================================================
Received Prepare
Registering precompiled user dll's ...
Registered in 0.001221 seconds.
Begin MonoManager ReloadAssembly
Native extension for OSXStandalone target not found
Refreshing native plugins compatible for Editor in 0.25 ms, found 1 plugins.
Preloading 0 native plugins for Editor in 0.00 ms.
Invoked RoslynAnalysisRunner static constructor.
RoslynAnalysisRunner will not be running.
RoslynAnalysisRunner has terminated.
Mono: successfully reloaded assembly
- Completed reload, in  0.968 seconds
Platform modules already initialized, skipping
Refreshing native plugins compatible for Editor in 0.24 ms, found 1 plugins.
Preloading 0 native plugins for Editor in 0.00 ms.
Unloading 1104 Unused Serialized files (Serialized files now loaded: 0)
System memory in use before: 121.7 MB.
System memory in use after: 121.8 MB.

Unloading 4 unused Assets to reduce memory usage. Loaded Objects now: 1575.
Total: 2.731261 ms (FindLiveObjects: 0.306781 ms CreateObjectMapping: 0.074121 ms MarkObjects: 2.332060 ms  DeleteObjects: 0.016204 ms)

========================================================================
Received Import Request.
  Time since last request: 31.113601 seconds.
  path: Assets/RW/Scripts/SheepSpawner.cs
  artifactKey: Guid(0f2348f9aed06401d81288da88c54435) Importer(815301076,1909f56bfc062723c751e8b465ee728b)
Start importing Assets/RW/Scripts/SheepSpawner.cs using Guid(0f2348f9aed06401d81288da88c54435) Importer(815301076,1909f56bfc062723c751e8b465ee728b)  -> (artifact id: 'bc6d5b8c3c6cf2c0f94d72e52e6dece7') in 0.007288 seconds
  Import took 0.010721 seconds .

========================================================================
Received Prepare
Registering precompiled user dll's ...
Registered in 0.000950 seconds.
Begin MonoManager ReloadAssembly
Native extension for OSXStandalone target not found
Refreshing native plugins compatible for Editor in 0.24 ms, found 1 plugins.
Preloading 0 native plugins for Editor in 0.00 ms.
Invoked RoslynAnalysisRunner static constructor.
RoslynAnalysisRunner will not be running.
RoslynAnalysisRunner has terminated.
Mono: successfully reloaded assembly
- Completed reload, in  0.987 seconds
Platform modules already initialized, skipping
Refreshing native plugins compatible for Editor in 0.26 ms, found 1 plugins.
Preloading 0 native plugins for Editor in 0.00 ms.
Unloading 1104 Unused Serialized files (Serialized files now loaded: 0)
System memory in use before: 121.9 MB.
System memory in use after: 122.0 MB.

Unloading 4 unused Assets to reduce memory usage. Loaded Objects now: 1577.
Total: 1.994354 ms (FindLiveObjects: 0.212529 ms CreateObjectMapping: 0.050316 ms MarkObjects: 1.715769 ms  DeleteObjects: 0.014182 ms)

========================================================================
Received Prepare
Registering precompiled user dll's ...
Registered in 0.001107 seconds.
Begin MonoManager ReloadAssembly
Native extension for OSXStandalone target not found
Refreshing native plugins compatible for Editor in 0.26 ms, found 1 plugins.
Preloading 0 native plugins for Editor in 0.00 ms.
Invoked RoslynAnalysisRunner static constructor.
RoslynAnalysisRunner will not be running.
RoslynAnalysisRunner has terminated.
Mono: successfully reloaded assembly
- Completed reload, in  0.968 seconds
Platform modules already initialized, skipping
Refreshing native plugins compatible for Editor in 0.31 ms, found 1 plugins.
Preloading 0 native plugins for Editor in 0.00 ms.
Unloading 1104 Unused Serialized files (Serialized files now loaded: 0)
System memory in use before: 122.0 MB.
System memory in use after: 122.1 MB.

Unloading 4 unused Assets to reduce memory usage. Loaded Objects now: 1579.
Total: 2.257680 ms (FindLiveObjects: 0.254973 ms CreateObjectMapping: 0.053484 ms MarkObjects: 1.932556 ms  DeleteObjects: 0.014900 ms)

========================================================================
Received Prepare
Registering precompiled user dll's ...
Registered in 0.000876 seconds.
Begin MonoManager ReloadAssembly
Native extension for OSXStandalone target not found
Refreshing native plugins compatible for Editor in 0.24 ms, found 1 plugins.
Preloading 0 native plugins for Editor in 0.00 ms.
Invoked RoslynAnalysisRunner static constructor.
RoslynAnalysisRunner will not be running.
RoslynAnalysisRunner has terminated.
Mono: successfully reloaded assembly
- Completed reload, in  0.899 seconds
Platform modules already initialized, skipping
Refreshing native plugins compatible for Editor in 0.23 ms, found 1 plugins.
Preloading 0 native plugins for Editor in 0.00 ms.
Unloading 1104 Unused Serialized files (Serialized files now loaded: 0)
System memory in use before: 122.2 MB.
System memory in use after: 122.3 MB.

Unloading 4 unused Assets to reduce memory usage. Loaded Objects now: 1581.
Total: 2.885075 ms (FindLiveObjects: 0.312077 ms CreateObjectMapping: 0.076685 ms MarkObjects: 2.472212 ms  DeleteObjects: 0.021660 ms)

========================================================================
Received Prepare
Registering precompiled user dll's ...
Registered in 0.001132 seconds.
Begin MonoManager ReloadAssembly
Native extension for OSXStandalone target not found
Refreshing native plugins compatible for Editor in 0.25 ms, found 1 plugins.
Preloading 0 native plugins for Editor in 0.00 ms.
Invoked RoslynAnalysisRunner static constructor.
RoslynAnalysisRunner will not be running.
RoslynAnalysisRunner has terminated.
Mono: successfully reloaded assembly
- Completed reload, in  0.963 seconds
Platform modules already initialized, skipping
Refreshing native plugins compatible for Editor in 0.25 ms, found 1 plugins.
Preloading 0 native plugins for Editor in 0.00 ms.
Unloading 1104 Unused Serialized files (Serialized files now loaded: 0)
System memory in use before: 122.4 MB.
System memory in use after: 122.5 MB.

Unloading 4 unused Assets to reduce memory usage. Loaded Objects now: 1583.
Total: 2.672660 ms (FindLiveObjects: 0.251655 ms CreateObjectMapping: 0.072195 ms MarkObjects: 2.331898 ms  DeleteObjects: 0.014874 ms)

========================================================================
Received Import Request.
  Time since last request: 597.921269 seconds.
  path: Assets/RW/Scripts/TweenScale.cs
  artifactKey: Guid(e0d9b81fa11b64403a2879ffdba54e83) Importer(815301076,1909f56bfc062723c751e8b465ee728b)
Start importing Assets/RW/Scripts/TweenScale.cs using Guid(e0d9b81fa11b64403a2879ffdba54e83) Importer(815301076,1909f56bfc062723c751e8b465ee728b)  -> (artifact id: '726bf91a54be64323260b7574ce9ba4c') in 0.007351 seconds
  Import took 0.009867 seconds .

========================================================================
Received Prepare
Registering precompiled user dll's ...
Registered in 0.001061 seconds.
Begin MonoManager ReloadAssembly
Native extension for OSXStandalone target not found
Refreshing native plugins compatible for Editor in 0.32 ms, found 1 plugins.
Preloading 0 native plugins for Editor in 0.00 ms.
Invoked RoslynAnalysisRunner static constructor.
RoslynAnalysisRunner will not be running.
RoslynAnalysisRunner has terminated.
Mono: successfully reloaded assembly
- Completed reload, in  0.994 seconds
Platform modules already initialized, skipping
Refreshing native plugins compatible for Editor in 0.25 ms, found 1 plugins.
Preloading 0 native plugins for Editor in 0.00 ms.
Unloading 1105 Unused Serialized files (Serialized files now loaded: 0)
System memory in use before: 122.5 MB.
System memory in use after: 122.6 MB.

Unloading 4 unused Assets to reduce memory usage. Loaded Objects now: 1586.
Total: 2.931031 ms (FindLiveObjects: 0.312612 ms CreateObjectMapping: 0.076234 ms MarkObjects: 2.517336 ms  DeleteObjects: 0.021786 ms)

========================================================================
Received Prepare
Registering precompiled user dll's ...
Registered in 0.001117 seconds.
Begin MonoManager ReloadAssembly
Native extension for OSXStandalone target not found
Refreshing native plugins compatible for Editor in 0.24 ms, found 1 plugins.
Preloading 0 native plugins for Editor in 0.00 ms.
Invoked RoslynAnalysisRunner static constructor.
RoslynAnalysisRunner will not be running.
RoslynAnalysisRunner has terminated.
Mono: successfully reloaded assembly
- Completed reload, in  0.950 seconds
Platform modules already initialized, skipping
Refreshing native plugins compatible for Editor in 0.24 ms, found 1 plugins.
Preloading 0 native plugins for Editor in 0.00 ms.
Unloading 1105 Unused Serialized files (Serialized files now loaded: 0)
System memory in use before: 122.7 MB.
System memory in use after: 122.8 MB.

Unloading 4 unused Assets to reduce memory usage. Loaded Objects now: 1588.
Total: 2.489026 ms (FindLiveObjects: 0.328304 ms CreateObjectMapping: 0.072794 ms MarkObjects: 2.070727 ms  DeleteObjects: 0.015334 ms)

========================================================================
Received Import Request.
  Time since last request: 172.645341 seconds.
  path: Assets/RW/Scripts/TweenScale.cs
  artifactKey: Guid(e0d9b81fa11b64403a2879ffdba54e83) Importer(815301076,1909f56bfc062723c751e8b465ee728b)
Start importing Assets/RW/Scripts/TweenScale.cs using Guid(e0d9b81fa11b64403a2879ffdba54e83) Importer(815301076,1909f56bfc062723c751e8b465ee728b)  -> (artifact id: '3828c68eb6418d2e2ce620ce7328d98c') in 0.007019 seconds
  Import took 0.010205 seconds .

========================================================================
Received Prepare
Registering precompiled user dll's ...
Registered in 0.002113 seconds.
Begin MonoManager ReloadAssembly
Native extension for OSXStandalone target not found
Refreshing native plugins compatible for Editor in 0.23 ms, found 1 plugins.
Preloading 0 native plugins for Editor in 0.00 ms.
Invoked RoslynAnalysisRunner static constructor.
RoslynAnalysisRunner will not be running.
RoslynAnalysisRunner has terminated.
Mono: successfully reloaded assembly
- Completed reload, in  0.939 seconds
Platform modules already initialized, skipping
Refreshing native plugins compatible for Editor in 0.24 ms, found 1 plugins.
Preloading 0 native plugins for Editor in 0.00 ms.
Unloading 1105 Unused Serialized files (Serialized files now loaded: 0)
System memory in use before: 122.9 MB.
System memory in use after: 123.0 MB.

Unloading 4 unused Assets to reduce memory usage. Loaded Objects now: 1590.
Total: 2.320756 ms (FindLiveObjects: 0.274015 ms CreateObjectMapping: 0.050629 ms MarkObjects: 1.977173 ms  DeleteObjects: 0.015337 ms)

========================================================================
Received Import Request.
  Time since last request: 79.848333 seconds.
  path: Assets/RW/Scripts/DestroyTimer.cs
  artifactKey: Guid(056864d0a1ec24166b3f79d5e97e064f) Importer(815301076,1909f56bfc062723c751e8b465ee728b)
Start importing Assets/RW/Scripts/DestroyTimer.cs using Guid(056864d0a1ec24166b3f79d5e97e064f) Importer(815301076,1909f56bfc062723c751e8b465ee728b)  -> (artifact id: '850f1e55b063660833cdcc90c177edae') in 0.006907 seconds
  Import took 0.009697 seconds .

========================================================================
Received Prepare
Registering precompiled user dll's ...
Registered in 0.000967 seconds.
Begin MonoManager ReloadAssembly
Native extension for OSXStandalone target not found
Refreshing native plugins compatible for Editor in 0.24 ms, found 1 plugins.
Preloading 0 native plugins for Editor in 0.00 ms.
Invoked RoslynAnalysisRunner static constructor.
RoslynAnalysisRunner will not be running.
RoslynAnalysisRunner has terminated.
Mono: successfully reloaded assembly
- Completed reload, in  1.009 seconds
Platform modules already initialized, skipping
Refreshing native plugins compatible for Editor in 0.26 ms, found 1 plugins.
Preloading 0 native plugins for Editor in 0.00 ms.
Unloading 1106 Unused Serialized files (Serialized files now loaded: 0)
System memory in use before: 123.1 MB.
System memory in use after: 123.2 MB.

Unloading 4 unused Assets to reduce memory usage. Loaded Objects now: 1593.
Total: 1.979916 ms (FindLiveObjects: 0.222413 ms CreateObjectMapping: 0.043113 ms MarkObjects: 1.697321 ms  DeleteObjects: 0.015509 ms)

========================================================================
Received Prepare
Registering precompiled user dll's ...
Registered in 0.001167 seconds.
Begin MonoManager ReloadAssembly
Native extension for OSXStandalone target not found
Refreshing native plugins compatible for Editor in 0.25 ms, found 1 plugins.
Preloading 0 native plugins for Editor in 0.00 ms.
Invoked RoslynAnalysisRunner static constructor.
RoslynAnalysisRunner will not be running.
RoslynAnalysisRunner has terminated.
Mono: successfully reloaded assembly
- Completed reload, in  0.969 seconds
Platform modules already initialized, skipping
Refreshing native plugins compatible for Editor in 0.24 ms, found 1 plugins.
Preloading 0 native plugins for Editor in 0.00 ms.
Unloading 1106 Unused Serialized files (Serialized files now loaded: 0)
System memory in use before: 123.2 MB.
System memory in use after: 123.3 MB.

Unloading 4 unused Assets to reduce memory usage. Loaded Objects now: 1595.
Total: 2.281220 ms (FindLiveObjects: 0.310930 ms CreateObjectMapping: 0.055543 ms MarkObjects: 1.897572 ms  DeleteObjects: 0.015655 ms)

========================================================================
Received Import Request.
  Time since last request: 62.411827 seconds.
  path: Assets/RW/Prefabs/Heart.prefab
  artifactKey: Guid(3fccb55657d4a489ca1a407b562a6f57) Importer(815301076,1909f56bfc062723c751e8b465ee728b)
Start importing Assets/RW/Prefabs/Heart.prefab using Guid(3fccb55657d4a489ca1a407b562a6f57) Importer(815301076,1909f56bfc062723c751e8b465ee728b)  -> (artifact id: 'fd08e2cb468317694beb12fa357dbb34') in 0.083449 seconds
  Import took 0.086313 seconds .

========================================================================
Received Import Request.
  Time since last request: 0.004946 seconds.
  path: Assets/RW/Prefabs/Heart.prefab
  artifactKey: Guid(3fccb55657d4a489ca1a407b562a6f57) Importer(815301076,1909f56bfc062723c751e8b465ee728b)
Start importing Assets/RW/Prefabs/Heart.prefab using Guid(3fccb55657d4a489ca1a407b562a6f57) Importer(815301076,1909f56bfc062723c751e8b465ee728b)  -> (artifact id: 'fd08e2cb468317694beb12fa357dbb34') in 0.015344 seconds
  Import took 0.017577 seconds .

========================================================================
Received Prepare
Registering precompiled user dll's ...
Registered in 0.001159 seconds.
Begin MonoManager ReloadAssembly
Native extension for OSXStandalone target not found
Refreshing native plugins compatible for Editor in 0.25 ms, found 1 plugins.
Preloading 0 native plugins for Editor in 0.00 ms.
Invoked RoslynAnalysisRunner static constructor.
RoslynAnalysisRunner will not be running.
RoslynAnalysisRunner has terminated.
Mono: successfully reloaded assembly
- Completed reload, in  0.967 seconds
Platform modules already initialized, skipping
Refreshing native plugins compatible for Editor in 0.23 ms, found 1 plugins.
Preloading 0 native plugins for Editor in 0.00 ms.
Unloading 1106 Unused Serialized files (Serialized files now loaded: 0)
System memory in use before: 123.5 MB.
System memory in use after: 123.6 MB.

Unloading 4 unused Assets to reduce memory usage. Loaded Objects now: 1598.
Total: 2.771918 ms (FindLiveObjects: 0.276140 ms CreateObjectMapping: 0.073640 ms MarkObjects: 2.398371 ms  DeleteObjects: 0.020984 ms)

========================================================================
Received Import Request.
  Time since last request: 162.375853 seconds.
  path: Assets/RW/Prefabs/Sheep.prefab
  artifactKey: Guid(3b07d8713ada341d5bac285dd0d584b4) Importer(815301076,1909f56bfc062723c751e8b465ee728b)
Start importing Assets/RW/Prefabs/Sheep.prefab using Guid(3b07d8713ada341d5bac285dd0d584b4) Importer(815301076,1909f56bfc062723c751e8b465ee728b)  -> (artifact id: '57da48fd251e68147168498cf6dbd594') in 0.066241 seconds
  Import took 0.069507 seconds .

========================================================================
Received Import Request.
  Time since last request: 13.760141 seconds.
  path: Assets/RW/Prefabs/Sheep.prefab
  artifactKey: Guid(3b07d8713ada341d5bac285dd0d584b4) Importer(815301076,1909f56bfc062723c751e8b465ee728b)
Start importing Assets/RW/Prefabs/Sheep.prefab using Guid(3b07d8713ada341d5bac285dd0d584b4) Importer(815301076,1909f56bfc062723c751e8b465ee728b)  -> (artifact id: '03cee9e18d38fc783786db6dd2e88d72') in 0.012018 seconds
  Import took 0.014738 seconds .

========================================================================
Received Import Request.
  Time since last request: 0.043643 seconds.
  path: Assets/RW/Prefabs/Sheep.prefab
  artifactKey: Guid(3b07d8713ada341d5bac285dd0d584b4) Importer(815301076,1909f56bfc062723c751e8b465ee728b)
Start importing Assets/RW/Prefabs/Sheep.prefab using Guid(3b07d8713ada341d5bac285dd0d584b4) Importer(815301076,1909f56bfc062723c751e8b465ee728b)  -> (artifact id: '03cee9e18d38fc783786db6dd2e88d72') in 0.012101 seconds
  Import took 0.014795 seconds .

========================================================================
Received Import Request.
  Time since last request: 43.308935 seconds.
  path: Assets/RW/Prefabs/Sheep.prefab
  artifactKey: Guid(3b07d8713ada341d5bac285dd0d584b4) Importer(815301076,1909f56bfc062723c751e8b465ee728b)
Start importing Assets/RW/Prefabs/Sheep.prefab using Guid(3b07d8713ada341d5bac285dd0d584b4) Importer(815301076,1909f56bfc062723c751e8b465ee728b)  -> (artifact id: 'c14448ab93cb4edac04ec2403623e44e') in 0.009243 seconds
  Import took 0.012351 seconds .

========================================================================
Received Import Request.
  Time since last request: 0.041373 seconds.
  path: Assets/RW/Prefabs/Sheep.prefab
  artifactKey: Guid(3b07d8713ada341d5bac285dd0d584b4) Importer(815301076,1909f56bfc062723c751e8b465ee728b)
Start importing Assets/RW/Prefabs/Sheep.prefab using Guid(3b07d8713ada341d5bac285dd0d584b4) Importer(815301076,1909f56bfc062723c751e8b465ee728b)  -> (artifact id: 'c14448ab93cb4edac04ec2403623e44e') in 0.010174 seconds
  Import took 0.012793 seconds .

========================================================================
Received Import Request.
  Time since last request: 73.784882 seconds.
  path: Assets/RW/Prefabs/Sheep.prefab
  artifactKey: Guid(3b07d8713ada341d5bac285dd0d584b4) Importer(815301076,1909f56bfc062723c751e8b465ee728b)
Start importing Assets/RW/Prefabs/Sheep.prefab using Guid(3b07d8713ada341d5bac285dd0d584b4) Importer(815301076,1909f56bfc062723c751e8b465ee728b)  -> (artifact id: '5c746b74cd86077d0663ae67057963fe') in 0.009971 seconds
  Import took 0.012894 seconds .

========================================================================
Received Import Request.
  Time since last request: 0.042010 seconds.
  path: Assets/RW/Prefabs/Sheep.prefab
  artifactKey: Guid(3b07d8713ada341d5bac285dd0d584b4) Importer(815301076,1909f56bfc062723c751e8b465ee728b)
Start importing Assets/RW/Prefabs/Sheep.prefab using Guid(3b07d8713ada341d5bac285dd0d584b4) Importer(815301076,1909f56bfc062723c751e8b465ee728b)  -> (artifact id: '5c746b74cd86077d0663ae67057963fe') in 0.011679 seconds
  Import took 0.014204 seconds .

========================================================================
Received Import Request.
  Time since last request: 41.765835 seconds.
  path: Assets/RW/Prefabs/Sheep.prefab
  artifactKey: Guid(3b07d8713ada341d5bac285dd0d584b4) Importer(815301076,1909f56bfc062723c751e8b465ee728b)
Start importing Assets/RW/Prefabs/Sheep.prefab using Guid(3b07d8713ada341d5bac285dd0d584b4) Importer(815301076,1909f56bfc062723c751e8b465ee728b)  -> (artifact id: '9a82279f48599aadf9c1c3ffba68827c') in 0.011109 seconds
  Import took 0.014750 seconds .

========================================================================
Received Import Request.
  Time since last request: 0.034002 seconds.
  path: Assets/RW/Prefabs/Sheep.prefab
  artifactKey: Guid(3b07d8713ada341d5bac285dd0d584b4) Importer(815301076,1909f56bfc062723c751e8b465ee728b)
Start importing Assets/RW/Prefabs/Sheep.prefab using Guid(3b07d8713ada341d5bac285dd0d584b4) Importer(815301076,1909f56bfc062723c751e8b465ee728b)  -> (artifact id: '9a82279f48599aadf9c1c3ffba68827c') in 0.010742 seconds
  Import took 0.013370 seconds .

========================================================================
Received Import Request.
  Time since last request: 18.596899 seconds.
  path: Assets/RW/Prefabs/Sheep.prefab
  artifactKey: Guid(3b07d8713ada341d5bac285dd0d584b4) Importer(815301076,1909f56bfc062723c751e8b465ee728b)
Start importing Assets/RW/Prefabs/Sheep.prefab using Guid(3b07d8713ada341d5bac285dd0d584b4) Importer(815301076,1909f56bfc062723c751e8b465ee728b)  -> (artifact id: '60d8b70022791568fb1a28819399e1aa') in 0.010191 seconds
  Import took 0.013782 seconds .

========================================================================
Received Import Request.
  Time since last request: 0.019875 seconds.
  path: Assets/RW/Prefabs/Sheep.prefab
  artifactKey: Guid(3b07d8713ada341d5bac285dd0d584b4) Importer(815301076,1909f56bfc062723c751e8b465ee728b)
Start importing Assets/RW/Prefabs/Sheep.prefab using Guid(3b07d8713ada341d5bac285dd0d584b4) Importer(815301076,1909f56bfc062723c751e8b465ee728b)  -> (artifact id: '60d8b70022791568fb1a28819399e1aa') in 0.009785 seconds
  Import took 0.012207 seconds .

========================================================================
Received Prepare
Registering precompiled user dll's ...
Registered in 0.001130 seconds.
Begin MonoManager ReloadAssembly
Native extension for OSXStandalone target not found
Refreshing native plugins compatible for Editor in 0.23 ms, found 1 plugins.
Preloading 0 native plugins for Editor in 0.00 ms.
Invoked RoslynAnalysisRunner static constructor.
RoslynAnalysisRunner will not be running.
RoslynAnalysisRunner has terminated.
Mono: successfully reloaded assembly
- Completed reload, in  0.903 seconds
Platform modules already initialized, skipping
Refreshing native plugins compatible for Editor in 0.27 ms, found 1 plugins.
Preloading 0 native plugins for Editor in 0.00 ms.
Unloading 1106 Unused Serialized files (Serialized files now loaded: 0)
System memory in use before: 123.8 MB.
System memory in use after: 123.9 MB.

Unloading 4 unused Assets to reduce memory usage. Loaded Objects now: 1601.
Total: 2.161777 ms (FindLiveObjects: 0.229023 ms CreateObjectMapping: 0.050847 ms MarkObjects: 1.865086 ms  DeleteObjects: 0.015293 ms)

========================================================================
Received Import Request.
  Time since last request: 109.908058 seconds.
  path: Assets/RW/Scripts/Managers.cs
  artifactKey: Guid(f12a394db1944416e97df0ff272eafb0) Importer(815301076,1909f56bfc062723c751e8b465ee728b)
Start importing Assets/RW/Scripts/Managers.cs using Guid(f12a394db1944416e97df0ff272eafb0) Importer(815301076,1909f56bfc062723c751e8b465ee728b)  -> (artifact id: '15161cbf9c82f4b7b9fbceff47e604fd') in 0.005040 seconds
  Import took 0.007595 seconds .

========================================================================
Received Prepare
Registering precompiled user dll's ...
Registered in 0.001258 seconds.
Begin MonoManager ReloadAssembly
Native extension for OSXStandalone target not found
Refreshing native plugins compatible for Editor in 0.27 ms, found 1 plugins.
Preloading 0 native plugins for Editor in 0.00 ms.
Invoked RoslynAnalysisRunner static constructor.
RoslynAnalysisRunner will not be running.
RoslynAnalysisRunner has terminated.
Mono: successfully reloaded assembly
- Completed reload, in  0.954 seconds
Platform modules already initialized, skipping
Refreshing native plugins compatible for Editor in 0.24 ms, found 1 plugins.
Preloading 0 native plugins for Editor in 0.00 ms.
Unloading 1107 Unused Serialized files (Serialized files now loaded: 0)
System memory in use before: 124.0 MB.
System memory in use after: 124.1 MB.

Unloading 4 unused Assets to reduce memory usage. Loaded Objects now: 1604.
Total: 3.043874 ms (FindLiveObjects: 0.295406 ms CreateObjectMapping: 0.074637 ms MarkObjects: 2.648192 ms  DeleteObjects: 0.023356 ms)

========================================================================
Received Prepare
Registering precompiled user dll's ...
Registered in 0.001044 seconds.
Begin MonoManager ReloadAssembly
Native extension for OSXStandalone target not found
Refreshing native plugins compatible for Editor in 0.25 ms, found 1 plugins.
Preloading 0 native plugins for Editor in 0.00 ms.
Invoked RoslynAnalysisRunner static constructor.
RoslynAnalysisRunner will not be running.
RoslynAnalysisRunner has terminated.
Mono: successfully reloaded assembly
- Completed reload, in  0.975 seconds
Platform modules already initialized, skipping
Refreshing native plugins compatible for Editor in 0.28 ms, found 1 plugins.
Preloading 0 native plugins for Editor in 0.00 ms.
Unloading 1106 Unused Serialized files (Serialized files now loaded: 0)
System memory in use before: 124.2 MB.
System memory in use after: 124.3 MB.

Unloading 5 unused Assets to reduce memory usage. Loaded Objects now: 1605.
Total: 2.209040 ms (FindLiveObjects: 0.252540 ms CreateObjectMapping: 0.052866 ms MarkObjects: 1.883910 ms  DeleteObjects: 0.017928 ms)

========================================================================
Received Import Request.
  Time since last request: 24.150301 seconds.
  path: Assets/RW/Scripts/Managers
  artifactKey: Guid(03530d828eadd4578a51fe0d5d54d602) Importer(815301076,1909f56bfc062723c751e8b465ee728b)
Start importing Assets/RW/Scripts/Managers using Guid(03530d828eadd4578a51fe0d5d54d602) Importer(815301076,1909f56bfc062723c751e8b465ee728b)  -> (artifact id: '75ae15785608a05315c7ab0e5881b7f4') in 0.005909 seconds
  Import took 0.008184 seconds .

========================================================================
Received Import Request.
  Time since last request: 0.008590 seconds.
  path: Assets/RW/Scripts/Managers
  artifactKey: Guid(03530d828eadd4578a51fe0d5d54d602) Importer(815301076,1909f56bfc062723c751e8b465ee728b)
Start importing Assets/RW/Scripts/Managers using Guid(03530d828eadd4578a51fe0d5d54d602) Importer(815301076,1909f56bfc062723c751e8b465ee728b)  -> (artifact id: '75ae15785608a05315c7ab0e5881b7f4') in 0.001305 seconds
  Import took 0.003480 seconds .

========================================================================
Received Import Request.
  Time since last request: 11.330279 seconds.
  path: Assets/RW/Scripts/Managers/SoundManager.cs
  artifactKey: Guid(79b2f77a66c72401c813058e48d36889) Importer(815301076,1909f56bfc062723c751e8b465ee728b)
Start importing Assets/RW/Scripts/Managers/SoundManager.cs using Guid(79b2f77a66c72401c813058e48d36889) Importer(815301076,1909f56bfc062723c751e8b465ee728b)  -> (artifact id: '264eda3259b9d3b06168cdfa0ce3e98a') in 0.004196 seconds
  Import took 0.007600 seconds .

========================================================================
Received Prepare
Registering precompiled user dll's ...
Registered in 0.001176 seconds.
Begin MonoManager ReloadAssembly
Native extension for OSXStandalone target not found
Refreshing native plugins compatible for Editor in 0.25 ms, found 1 plugins.
Preloading 0 native plugins for Editor in 0.00 ms.
Invoked RoslynAnalysisRunner static constructor.
RoslynAnalysisRunner will not be running.
RoslynAnalysisRunner has terminated.
Mono: successfully reloaded assembly
- Completed reload, in  0.930 seconds
Platform modules already initialized, skipping
Refreshing native plugins compatible for Editor in 0.25 ms, found 1 plugins.
Preloading 0 native plugins for Editor in 0.00 ms.
Unloading 1107 Unused Serialized files (Serialized files now loaded: 0)
System memory in use before: 124.4 MB.
System memory in use after: 124.5 MB.

Unloading 4 unused Assets to reduce memory usage. Loaded Objects now: 1608.
Total: 2.130664 ms (FindLiveObjects: 0.264174 ms CreateObjectMapping: 0.076715 ms MarkObjects: 1.776252 ms  DeleteObjects: 0.012517 ms)

========================================================================
Received Prepare
Registering precompiled user dll's ...
Registered in 0.001060 seconds.
Begin MonoManager ReloadAssembly
Native extension for OSXStandalone target not found
Refreshing native plugins compatible for Editor in 0.29 ms, found 1 plugins.
Preloading 0 native plugins for Editor in 0.00 ms.
Invoked RoslynAnalysisRunner static constructor.
RoslynAnalysisRunner will not be running.
RoslynAnalysisRunner has terminated.
Mono: successfully reloaded assembly
- Completed reload, in  0.978 seconds
Platform modules already initialized, skipping
Refreshing native plugins compatible for Editor in 0.24 ms, found 1 plugins.
Preloading 0 native plugins for Editor in 0.00 ms.
Unloading 1107 Unused Serialized files (Serialized files now loaded: 0)
System memory in use before: 124.5 MB.
System memory in use after: 124.6 MB.

Unloading 4 unused Assets to reduce memory usage. Loaded Objects now: 1610.
Total: 2.231163 ms (FindLiveObjects: 0.251800 ms CreateObjectMapping: 0.052287 ms MarkObjects: 1.871264 ms  DeleteObjects: 0.054027 ms)

========================================================================
Received Import Request.
  Time since last request: 159.909009 seconds.
  path: Assets/RW/Scripts/Managers/SoundManager.cs
  artifactKey: Guid(79b2f77a66c72401c813058e48d36889) Importer(815301076,1909f56bfc062723c751e8b465ee728b)
Start importing Assets/RW/Scripts/Managers/SoundManager.cs using Guid(79b2f77a66c72401c813058e48d36889) Importer(815301076,1909f56bfc062723c751e8b465ee728b)  -> (artifact id: 'f10df0bd6d3f63a54c797efa5644fe87') in 0.007230 seconds
  Import took 0.010651 seconds .

========================================================================
Received Prepare
Registering precompiled user dll's ...
Registered in 0.001144 seconds.
Begin MonoManager ReloadAssembly
Native extension for OSXStandalone target not found
Refreshing native plugins compatible for Editor in 0.24 ms, found 1 plugins.
Preloading 0 native plugins for Editor in 0.00 ms.
Invoked RoslynAnalysisRunner static constructor.
RoslynAnalysisRunner will not be running.
RoslynAnalysisRunner has terminated.
Mono: successfully reloaded assembly
- Completed reload, in  1.008 seconds
Platform modules already initialized, skipping
Refreshing native plugins compatible for Editor in 0.24 ms, found 1 plugins.
Preloading 0 native plugins for Editor in 0.00 ms.
Unloading 1107 Unused Serialized files (Serialized files now loaded: 0)
System memory in use before: 124.7 MB.
System memory in use after: 124.8 MB.

Unloading 4 unused Assets to reduce memory usage. Loaded Objects now: 1612.
Total: 2.092004 ms (FindLiveObjects: 0.207356 ms CreateObjectMapping: 0.052689 ms MarkObjects: 1.812924 ms  DeleteObjects: 0.016798 ms)

========================================================================
Received Import Request.
  Time since last request: 73.159986 seconds.
  path: Assets/RW/Scripts/MachineMovement.cs
  artifactKey: Guid(b9244715a126045fd9f8e59cac2c9c66) Importer(815301076,1909f56bfc062723c751e8b465ee728b)
Start importing Assets/RW/Scripts/MachineMovement.cs using Guid(b9244715a126045fd9f8e59cac2c9c66) Importer(815301076,1909f56bfc062723c751e8b465ee728b)  -> (artifact id: '942c8f4fc1b489384ea0f42f85bc4465') in 0.007140 seconds
  Import took 0.011262 seconds .

========================================================================
Received Import Request.
  Time since last request: 43.851930 seconds.
  path: Assets/RW/Sounds
  artifactKey: Guid(77f857458f9d6364a9b5e5273cf0d862) Importer(815301076,1909f56bfc062723c751e8b465ee728b)
Start importing Assets/RW/Sounds using Guid(77f857458f9d6364a9b5e5273cf0d862) Importer(815301076,1909f56bfc062723c751e8b465ee728b)  -> (artifact id: '55c92597f8913f715d141efb18d623d2') in 0.001130 seconds
  Import took 0.003964 seconds .

========================================================================
Received Import Request.
  Time since last request: 0.052560 seconds.
  path: Assets/RW/Sounds/SheepDropped.wav
  artifactKey: Guid(d396aafd153ba394982f2aa1349363de) Importer(815301076,1909f56bfc062723c751e8b465ee728b)
Start importing Assets/RW/Sounds/SheepDropped.wav using Guid(d396aafd153ba394982f2aa1349363de) Importer(815301076,1909f56bfc062723c751e8b465ee728b)  -> (artifact id: '9b2250bdc821da06bcfaaabb696faa35') in 0.451233 seconds
  Import took 0.453913 seconds .

========================================================================
Received Import Request.
  Time since last request: 0.000340 seconds.
  path: Assets/RW/Sounds/SheepHit.wav
  artifactKey: Guid(e97ab3d76ee31794ba31802a0f2a719e) Importer(815301076,1909f56bfc062723c751e8b465ee728b)
Start importing Assets/RW/Sounds/SheepHit.wav using Guid(e97ab3d76ee31794ba31802a0f2a719e) Importer(815301076,1909f56bfc062723c751e8b465ee728b)  -> (artifact id: '862a6c79306ed876639f813a40e9d62f') in 0.011241 seconds
  Import took 0.013566 seconds .

========================================================================
Received Import Request.
  Time since last request: 0.000206 seconds.
  path: Assets/RW/Sounds/Shoot.wav
  artifactKey: Guid(afd9aad0b8c4b1141856b4808d8ea172) Importer(815301076,1909f56bfc062723c751e8b465ee728b)
Start importing Assets/RW/Sounds/Shoot.wav using Guid(afd9aad0b8c4b1141856b4808d8ea172) Importer(815301076,1909f56bfc062723c751e8b465ee728b)  -> (artifact id: 'bc13db2ec826e19c1c19d468be0a3ed9') in 0.031933 seconds
  Import took 0.034366 seconds .

========================================================================
Received Prepare
Registering precompiled user dll's ...
Registered in 0.001051 seconds.
Begin MonoManager ReloadAssembly
Native extension for OSXStandalone target not found
Refreshing native plugins compatible for Editor in 0.24 ms, found 1 plugins.
Preloading 0 native plugins for Editor in 0.00 ms.
Invoked RoslynAnalysisRunner static constructor.
RoslynAnalysisRunner will not be running.
RoslynAnalysisRunner has terminated.
Mono: successfully reloaded assembly
- Completed reload, in  0.959 seconds
Platform modules already initialized, skipping
Refreshing native plugins compatible for Editor in 0.27 ms, found 1 plugins.
Preloading 0 native plugins for Editor in 0.00 ms.
Unloading 1107 Unused Serialized files (Serialized files now loaded: 0)
System memory in use before: 129.2 MB.
System memory in use after: 129.3 MB.

Unloading 4 unused Assets to reduce memory usage. Loaded Objects now: 1617.
Total: 2.335817 ms (FindLiveObjects: 0.288645 ms CreateObjectMapping: 0.051456 ms MarkObjects: 1.979155 ms  DeleteObjects: 0.015158 ms)

========================================================================
Received Import Request.
  Time since last request: 121.472902 seconds.
  path: Assets/RW/Scripts/Managers/GameStateManager.cs
  artifactKey: Guid(18f1b6de2d8d64989bd9ac2b3a492590) Importer(815301076,1909f56bfc062723c751e8b465ee728b)
Start importing Assets/RW/Scripts/Managers/GameStateManager.cs using Guid(18f1b6de2d8d64989bd9ac2b3a492590) Importer(815301076,1909f56bfc062723c751e8b465ee728b)  -> (artifact id: '64aba114c928844734cfc1afd2e7d5ba') in 0.011067 seconds
  Import took 0.013895 seconds .

========================================================================
Received Prepare
Registering precompiled user dll's ...
Registered in 0.000896 seconds.
Begin MonoManager ReloadAssembly
Native extension for OSXStandalone target not found
Refreshing native plugins compatible for Editor in 0.24 ms, found 1 plugins.
Preloading 0 native plugins for Editor in 0.00 ms.
Invoked RoslynAnalysisRunner static constructor.
RoslynAnalysisRunner will not be running.
RoslynAnalysisRunner has terminated.
Mono: successfully reloaded assembly
- Completed reload, in  0.916 seconds
Platform modules already initialized, skipping
Refreshing native plugins compatible for Editor in 0.22 ms, found 1 plugins.
Preloading 0 native plugins for Editor in 0.00 ms.
Unloading 1108 Unused Serialized files (Serialized files now loaded: 0)
System memory in use before: 129.4 MB.
System memory in use after: 129.5 MB.

Unloading 4 unused Assets to reduce memory usage. Loaded Objects now: 1620.
Total: 2.905476 ms (FindLiveObjects: 0.235600 ms CreateObjectMapping: 0.072784 ms MarkObjects: 2.573321 ms  DeleteObjects: 0.021463 ms)

========================================================================
Received Prepare
Registering precompiled user dll's ...
Registered in 0.001241 seconds.
Begin MonoManager ReloadAssembly
Native extension for OSXStandalone target not found
Refreshing native plugins compatible for Editor in 0.23 ms, found 1 plugins.
Preloading 0 native plugins for Editor in 0.00 ms.
Invoked RoslynAnalysisRunner static constructor.
RoslynAnalysisRunner will not be running.
RoslynAnalysisRunner has terminated.
Mono: successfully reloaded assembly
- Completed reload, in  1.000 seconds
Platform modules already initialized, skipping
Refreshing native plugins compatible for Editor in 0.24 ms, found 1 plugins.
Preloading 0 native plugins for Editor in 0.00 ms.
Unloading 1108 Unused Serialized files (Serialized files now loaded: 0)
System memory in use before: 129.6 MB.
System memory in use after: 129.7 MB.

Unloading 4 unused Assets to reduce memory usage. Loaded Objects now: 1622.
Total: 2.459017 ms (FindLiveObjects: 0.261281 ms CreateObjectMapping: 0.059664 ms MarkObjects: 2.112973 ms  DeleteObjects: 0.022985 ms)

========================================================================
Received Import Request.
  Time since last request: 219.204702 seconds.
  path: Assets/RW/Scripts/Managers/GameStateManager.cs
  artifactKey: Guid(18f1b6de2d8d64989bd9ac2b3a492590) Importer(815301076,1909f56bfc062723c751e8b465ee728b)
Start importing Assets/RW/Scripts/Managers/GameStateManager.cs using Guid(18f1b6de2d8d64989bd9ac2b3a492590) Importer(815301076,1909f56bfc062723c751e8b465ee728b)  -> (artifact id: '4fd5780dc3f5dac74a9652b21c2621b3') in 0.009900 seconds
  Import took 0.013640 seconds .

========================================================================
Received Prepare
Registering precompiled user dll's ...
Registered in 0.001448 seconds.
Begin MonoManager ReloadAssembly
Native extension for OSXStandalone target not found
Refreshing native plugins compatible for Editor in 0.25 ms, found 1 plugins.
Preloading 0 native plugins for Editor in 0.00 ms.
Invoked RoslynAnalysisRunner static constructor.
RoslynAnalysisRunner will not be running.
RoslynAnalysisRunner has terminated.
Mono: successfully reloaded assembly
- Completed reload, in  1.164 seconds
Platform modules already initialized, skipping
Refreshing native plugins compatible for Editor in 0.25 ms, found 1 plugins.
Preloading 0 native plugins for Editor in 0.00 ms.
Unloading 1108 Unused Serialized files (Serialized files now loaded: 0)
System memory in use before: 129.7 MB.
System memory in use after: 129.8 MB.

Unloading 4 unused Assets to reduce memory usage. Loaded Objects now: 1624.
Total: 2.525346 ms (FindLiveObjects: 0.377876 ms CreateObjectMapping: 0.103096 ms MarkObjects: 2.026986 ms  DeleteObjects: 0.015736 ms)

========================================================================
Received Prepare
Registering precompiled user dll's ...
Registered in 0.001081 seconds.
Begin MonoManager ReloadAssembly
Native extension for OSXStandalone target not found
Refreshing native plugins compatible for Editor in 0.26 ms, found 1 plugins.
Preloading 0 native plugins for Editor in 0.00 ms.
Invoked RoslynAnalysisRunner static constructor.
RoslynAnalysisRunner will not be running.
RoslynAnalysisRunner has terminated.
Mono: successfully reloaded assembly
- Completed reload, in  1.016 seconds
Platform modules already initialized, skipping
Refreshing native plugins compatible for Editor in 0.28 ms, found 1 plugins.
Preloading 0 native plugins for Editor in 0.00 ms.
Unloading 1108 Unused Serialized files (Serialized files now loaded: 0)
System memory in use before: 129.9 MB.
System memory in use after: 130.0 MB.

Unloading 4 unused Assets to reduce memory usage. Loaded Objects now: 1626.
Total: 2.881504 ms (FindLiveObjects: 0.294005 ms CreateObjectMapping: 0.072898 ms MarkObjects: 2.486523 ms  DeleteObjects: 0.025639 ms)

========================================================================
Received Prepare
Registering precompiled user dll's ...
Registered in 0.001219 seconds.
Begin MonoManager ReloadAssembly
Native extension for OSXStandalone target not found
Refreshing native plugins compatible for Editor in 0.25 ms, found 1 plugins.
Preloading 0 native plugins for Editor in 0.00 ms.
Invoked RoslynAnalysisRunner static constructor.
RoslynAnalysisRunner will not be running.
RoslynAnalysisRunner has terminated.
Mono: successfully reloaded assembly
- Completed reload, in  0.965 seconds
Platform modules already initialized, skipping
Refreshing native plugins compatible for Editor in 0.24 ms, found 1 plugins.
Preloading 0 native plugins for Editor in 0.00 ms.
Unloading 1108 Unused Serialized files (Serialized files now loaded: 0)
System memory in use before: 130.0 MB.
System memory in use after: 130.1 MB.

Unloading 4 unused Assets to reduce memory usage. Loaded Objects now: 1628.
Total: 2.060668 ms (FindLiveObjects: 0.236002 ms CreateObjectMapping: 0.050961 ms MarkObjects: 1.757025 ms  DeleteObjects: 0.014830 ms)

========================================================================
Received Prepare
Registering precompiled user dll's ...
Registered in 0.001180 seconds.
Begin MonoManager ReloadAssembly
Native extension for OSXStandalone target not found
Refreshing native plugins compatible for Editor in 0.26 ms, found 1 plugins.
Preloading 0 native plugins for Editor in 0.00 ms.
Invoked RoslynAnalysisRunner static constructor.
RoslynAnalysisRunner will not be running.
RoslynAnalysisRunner has terminated.
Mono: successfully reloaded assembly
- Completed reload, in  0.976 seconds
Platform modules already initialized, skipping
Refreshing native plugins compatible for Editor in 0.24 ms, found 1 plugins.
Preloading 0 native plugins for Editor in 0.00 ms.
Unloading 1108 Unused Serialized files (Serialized files now loaded: 0)
System memory in use before: 130.2 MB.
System memory in use after: 130.3 MB.

Unloading 4 unused Assets to reduce memory usage. Loaded Objects now: 1630.
Total: 2.153395 ms (FindLiveObjects: 0.203480 ms CreateObjectMapping: 0.054732 ms MarkObjects: 1.880006 ms  DeleteObjects: 0.014364 ms)

========================================================================
Received Prepare
Registering precompiled user dll's ...
Registered in 0.001137 seconds.
Begin MonoManager ReloadAssembly
Native extension for OSXStandalone target not found
Refreshing native plugins compatible for Editor in 0.30 ms, found 1 plugins.
Preloading 0 native plugins for Editor in 0.00 ms.
Invoked RoslynAnalysisRunner static constructor.
RoslynAnalysisRunner will not be running.
RoslynAnalysisRunner has terminated.
Mono: successfully reloaded assembly
- Completed reload, in  0.947 seconds
Platform modules already initialized, skipping
Refreshing native plugins compatible for Editor in 0.26 ms, found 1 plugins.
Preloading 0 native plugins for Editor in 0.00 ms.
Unloading 1108 Unused Serialized files (Serialized files now loaded: 0)
System memory in use before: 130.4 MB.
System memory in use after: 130.5 MB.

Unloading 4 unused Assets to reduce memory usage. Loaded Objects now: 1632.
Total: 2.369887 ms (FindLiveObjects: 0.229391 ms CreateObjectMapping: 0.087687 ms MarkObjects: 2.036840 ms  DeleteObjects: 0.014829 ms)

========================================================================
Received Import Request.
  Time since last request: 339.848042 seconds.
  path: Assets/RW/Scripts/Managers/UIManager.cs
  artifactKey: Guid(35b09bde477a54598935f3804246a91f) Importer(815301076,1909f56bfc062723c751e8b465ee728b)
Start importing Assets/RW/Scripts/Managers/UIManager.cs using Guid(35b09bde477a54598935f3804246a91f) Importer(815301076,1909f56bfc062723c751e8b465ee728b)  -> (artifact id: 'b0f796ef02798751409c9ce0d77b657b') in 0.009974 seconds
  Import took 0.012962 seconds .

========================================================================
Received Prepare
Registering precompiled user dll's ...
Registered in 0.001211 seconds.
Begin MonoManager ReloadAssembly
Native extension for OSXStandalone target not found
Refreshing native plugins compatible for Editor in 0.24 ms, found 1 plugins.
Preloading 0 native plugins for Editor in 0.00 ms.
Invoked RoslynAnalysisRunner static constructor.
RoslynAnalysisRunner will not be running.
RoslynAnalysisRunner has terminated.
Mono: successfully reloaded assembly
- Completed reload, in  0.967 seconds
Platform modules already initialized, skipping
Refreshing native plugins compatible for Editor in 0.24 ms, found 1 plugins.
Preloading 0 native plugins for Editor in 0.00 ms.
Unloading 1109 Unused Serialized files (Serialized files now loaded: 0)
System memory in use before: 130.5 MB.
System memory in use after: 130.6 MB.

Unloading 4 unused Assets to reduce memory usage. Loaded Objects now: 1635.
Total: 2.979465 ms (FindLiveObjects: 0.450912 ms CreateObjectMapping: 0.090942 ms MarkObjects: 2.417192 ms  DeleteObjects: 0.018291 ms)

========================================================================
Received Import Request.
  Time since last request: 7.421782 seconds.
  path: Assets/RW/Scripts/Managers/NewAudioMixer.mixer
  artifactKey: Guid(8c2c967c100ff478a81ac8ad1e26bc2a) Importer(815301076,1909f56bfc062723c751e8b465ee728b)
Start importing Assets/RW/Scripts/Managers/NewAudioMixer.mixer using Guid(8c2c967c100ff478a81ac8ad1e26bc2a) Importer(815301076,1909f56bfc062723c751e8b465ee728b)  -> (artifact id: '680bcbe4e3c209b107ecb7e363622e51') in 0.174957 seconds
  Import took 0.177932 seconds .

========================================================================
Received Prepare
Registering precompiled user dll's ...
Registered in 0.001174 seconds.
Begin MonoManager ReloadAssembly
Native extension for OSXStandalone target not found
Refreshing native plugins compatible for Editor in 0.25 ms, found 1 plugins.
Preloading 0 native plugins for Editor in 0.00 ms.
Invoked RoslynAnalysisRunner static constructor.
RoslynAnalysisRunner will not be running.
RoslynAnalysisRunner has terminated.
Mono: successfully reloaded assembly
- Completed reload, in  1.017 seconds
Platform modules already initialized, skipping
Refreshing native plugins compatible for Editor in 0.26 ms, found 1 plugins.
Preloading 0 native plugins for Editor in 0.00 ms.
Unloading 1109 Unused Serialized files (Serialized files now loaded: 0)
System memory in use before: 134.9 MB.
System memory in use after: 135.0 MB.

Unloading 4 unused Assets to reduce memory usage. Loaded Objects now: 1637.
Total: 1.899518 ms (FindLiveObjects: 0.203194 ms CreateObjectMapping: 0.096547 ms MarkObjects: 1.585203 ms  DeleteObjects: 0.013483 ms)

========================================================================
Received Import Request.
  Time since last request: 187.083505 seconds.
  path: Assets/RW/Scripts/Managers/UIManager.cs
  artifactKey: Guid(35b09bde477a54598935f3804246a91f) Importer(815301076,1909f56bfc062723c751e8b465ee728b)
Start importing Assets/RW/Scripts/Managers/UIManager.cs using Guid(35b09bde477a54598935f3804246a91f) Importer(815301076,1909f56bfc062723c751e8b465ee728b)  -> (artifact id: '5d8881ea384c545dc8ddf118b53aa8a6') in 0.006001 seconds
  Import took 0.008762 seconds .

========================================================================
Received Import Request.
  Time since last request: 0.001519 seconds.
  path: Assets/RW/Scripts/Managers/UIManager.cs
  artifactKey: Guid(35b09bde477a54598935f3804246a91f) Importer(815301076,1909f56bfc062723c751e8b465ee728b)
Start importing Assets/RW/Scripts/Managers/UIManager.cs using Guid(35b09bde477a54598935f3804246a91f) Importer(815301076,1909f56bfc062723c751e8b465ee728b)  -> (artifact id: '5d8881ea384c545dc8ddf118b53aa8a6') in 0.001417 seconds
  Import took 0.003198 seconds .

========================================================================
Received Prepare
Registering precompiled user dll's ...
Registered in 0.000980 seconds.
Begin MonoManager ReloadAssembly
Native extension for OSXStandalone target not found
Refreshing native plugins compatible for Editor in 0.26 ms, found 1 plugins.
Preloading 0 native plugins for Editor in 0.00 ms.
Invoked RoslynAnalysisRunner static constructor.
RoslynAnalysisRunner will not be running.
RoslynAnalysisRunner has terminated.
Mono: successfully reloaded assembly
- Completed reload, in  0.911 seconds
Platform modules already initialized, skipping
Refreshing native plugins compatible for Editor in 0.25 ms, found 1 plugins.
Preloading 0 native plugins for Editor in 0.00 ms.
Unloading 1109 Unused Serialized files (Serialized files now loaded: 0)
System memory in use before: 135.1 MB.
System memory in use after: 135.2 MB.

Unloading 4 unused Assets to reduce memory usage. Loaded Objects now: 1639.
Total: 1.967439 ms (FindLiveObjects: 0.242720 ms CreateObjectMapping: 0.045458 ms MarkObjects: 1.664445 ms  DeleteObjects: 0.013419 ms)

========================================================================
Received Import Request.
  Time since last request: 1284.659319 seconds.
  path: Assets/RW/Scenes/Title.unity
  artifactKey: Guid(54f7faf678be11946b167b94af6da5b7) Importer(815301076,1909f56bfc062723c751e8b465ee728b)
Start importing Assets/RW/Scenes/Title.unity using Guid(54f7faf678be11946b167b94af6da5b7) Importer(815301076,1909f56bfc062723c751e8b465ee728b)  -> (artifact id: 'eafd5cb4e6d8e4cf7de6d7da8b190fd4') in 0.011297 seconds
  Import took 0.013929 seconds .

========================================================================
Received Import Request.
  Time since last request: 0.000816 seconds.
  path: Assets/RW/Scenes/Title.unity
  artifactKey: Guid(54f7faf678be11946b167b94af6da5b7) Importer(815301076,1909f56bfc062723c751e8b465ee728b)
Start importing Assets/RW/Scenes/Title.unity using Guid(54f7faf678be11946b167b94af6da5b7) Importer(815301076,1909f56bfc062723c751e8b465ee728b)  -> (artifact id: 'eafd5cb4e6d8e4cf7de6d7da8b190fd4') in 0.000919 seconds
  Import took 0.002475 seconds .

========================================================================
Received Import Request.
  Time since last request: 182.579525 seconds.
  path: Assets/RW/Scripts/Title.cs
  artifactKey: Guid(ad6714541eaa74321ba03c36679dd5ee) Importer(815301076,1909f56bfc062723c751e8b465ee728b)
Start importing Assets/RW/Scripts/Title.cs using Guid(ad6714541eaa74321ba03c36679dd5ee) Importer(815301076,1909f56bfc062723c751e8b465ee728b)  -> (artifact id: '6a21c5d31d495b6301096960a229d722') in 0.004190 seconds
  Import took 0.006501 seconds .

========================================================================
Received Prepare
Registering precompiled user dll's ...
Registered in 0.001172 seconds.
Begin MonoManager ReloadAssembly
Native extension for OSXStandalone target not found
Refreshing native plugins compatible for Editor in 0.26 ms, found 1 plugins.
Preloading 0 native plugins for Editor in 0.00 ms.
Invoked RoslynAnalysisRunner static constructor.
RoslynAnalysisRunner will not be running.
RoslynAnalysisRunner has terminated.
Mono: successfully reloaded assembly
- Completed reload, in  0.949 seconds
Platform modules already initialized, skipping
Refreshing native plugins compatible for Editor in 0.26 ms, found 1 plugins.
Preloading 0 native plugins for Editor in 0.00 ms.
Unloading 1110 Unused Serialized files (Serialized files now loaded: 0)
System memory in use before: 135.3 MB.
System memory in use after: 135.4 MB.

Unloading 4 unused Assets to reduce memory usage. Loaded Objects now: 1642.
Total: 2.099967 ms (FindLiveObjects: 0.277494 ms CreateObjectMapping: 0.051198 ms MarkObjects: 1.748371 ms  DeleteObjects: 0.020777 ms)

========================================================================
Received Prepare
Registering precompiled user dll's ...
Registered in 0.000946 seconds.
Begin MonoManager ReloadAssembly
Native extension for OSXStandalone target not found
Refreshing native plugins compatible for Editor in 0.28 ms, found 1 plugins.
Preloading 0 native plugins for Editor in 0.00 ms.
Invoked RoslynAnalysisRunner static constructor.
RoslynAnalysisRunner will not be running.
RoslynAnalysisRunner has terminated.
Mono: successfully reloaded assembly
- Completed reload, in  0.944 seconds
Platform modules already initialized, skipping
Refreshing native plugins compatible for Editor in 0.30 ms, found 1 plugins.
Preloading 0 native plugins for Editor in 0.00 ms.
Unloading 1109 Unused Serialized files (Serialized files now loaded: 0)
System memory in use before: 135.4 MB.
System memory in use after: 135.5 MB.

Unloading 5 unused Assets to reduce memory usage. Loaded Objects now: 1643.
Total: 2.459989 ms (FindLiveObjects: 0.263995 ms CreateObjectMapping: 0.073634 ms MarkObjects: 2.100914 ms  DeleteObjects: 0.019479 ms)

========================================================================
Received Import Request.
  Time since last request: 17.734312 seconds.
  path: Assets/RW/Scripts/Title
  artifactKey: Guid(c53cbdab000b84572bad9a4ee311cad8) Importer(815301076,1909f56bfc062723c751e8b465ee728b)
Start importing Assets/RW/Scripts/Title using Guid(c53cbdab000b84572bad9a4ee311cad8) Importer(815301076,1909f56bfc062723c751e8b465ee728b)  -> (artifact id: 'ab13d337b445828aee813121da041fb1') in 0.005499 seconds
  Import took 0.007885 seconds .

========================================================================
Received Import Request.
  Time since last request: 0.009399 seconds.
  path: Assets/RW/Scripts/Title
  artifactKey: Guid(c53cbdab000b84572bad9a4ee311cad8) Importer(815301076,1909f56bfc062723c751e8b465ee728b)
Start importing Assets/RW/Scripts/Title using Guid(c53cbdab000b84572bad9a4ee311cad8) Importer(815301076,1909f56bfc062723c751e8b465ee728b)  -> (artifact id: 'ab13d337b445828aee813121da041fb1') in 0.001384 seconds
  Import took 0.003500 seconds .

========================================================================
Received Import Request.
  Time since last request: 15.365335 seconds.
  path: Assets/RW/Scripts/Title/StartButton.cs
  artifactKey: Guid(3f9abe281bae24e0cbe4904fd5ab2f0e) Importer(815301076,1909f56bfc062723c751e8b465ee728b)
Start importing Assets/RW/Scripts/Title/StartButton.cs using Guid(3f9abe281bae24e0cbe4904fd5ab2f0e) Importer(815301076,1909f56bfc062723c751e8b465ee728b)  -> (artifact id: '8436708e1ba88086e6416bc18d2f78d3') in 0.004186 seconds
  Import took 0.006595 seconds .

========================================================================
Received Prepare
Registering precompiled user dll's ...
Registered in 0.001190 seconds.
Begin MonoManager ReloadAssembly
Native extension for OSXStandalone target not found
Refreshing native plugins compatible for Editor in 0.24 ms, found 1 plugins.
Preloading 0 native plugins for Editor in 0.00 ms.
Invoked RoslynAnalysisRunner static constructor.
RoslynAnalysisRunner will not be running.
RoslynAnalysisRunner has terminated.
Mono: successfully reloaded assembly
- Completed reload, in  0.942 seconds
Platform modules already initialized, skipping
Refreshing native plugins compatible for Editor in 0.24 ms, found 1 plugins.
Preloading 0 native plugins for Editor in 0.00 ms.
Unloading 1110 Unused Serialized files (Serialized files now loaded: 0)
System memory in use before: 135.6 MB.
System memory in use after: 135.7 MB.

Unloading 4 unused Assets to reduce memory usage. Loaded Objects now: 1646.
Total: 2.871538 ms (FindLiveObjects: 0.295013 ms CreateObjectMapping: 0.074608 ms MarkObjects: 2.477229 ms  DeleteObjects: 0.021906 ms)

========================================================================
Received Prepare
Registering precompiled user dll's ...
Registered in 0.001148 seconds.
Begin MonoManager ReloadAssembly
Native extension for OSXStandalone target not found
Refreshing native plugins compatible for Editor in 0.23 ms, found 1 plugins.
Preloading 0 native plugins for Editor in 0.00 ms.
Invoked RoslynAnalysisRunner static constructor.
RoslynAnalysisRunner will not be running.
RoslynAnalysisRunner has terminated.
Mono: successfully reloaded assembly
- Completed reload, in  0.976 seconds
Platform modules already initialized, skipping
Refreshing native plugins compatible for Editor in 0.24 ms, found 1 plugins.
Preloading 0 native plugins for Editor in 0.00 ms.
Unloading 1110 Unused Serialized files (Serialized files now loaded: 0)
System memory in use before: 135.8 MB.
System memory in use after: 135.9 MB.

Unloading 4 unused Assets to reduce memory usage. Loaded Objects now: 1648.
Total: 2.704138 ms (FindLiveObjects: 0.261055 ms CreateObjectMapping: 0.074282 ms MarkObjects: 2.348211 ms  DeleteObjects: 0.016079 ms)

========================================================================
Received Import Request.
  Time since last request: 134.160082 seconds.
  path: Assets/RW/Scripts/Title/StartButton.cs
  artifactKey: Guid(3f9abe281bae24e0cbe4904fd5ab2f0e) Importer(815301076,1909f56bfc062723c751e8b465ee728b)
Start importing Assets/RW/Scripts/Title/StartButton.cs using Guid(3f9abe281bae24e0cbe4904fd5ab2f0e) Importer(815301076,1909f56bfc062723c751e8b465ee728b)  -> (artifact id: '0e693f42dea0ed358a7b73d4b74372c3') in 0.007371 seconds
  Import took 0.010225 seconds .

========================================================================
Received Import Request.
  Time since last request: 5.813906 seconds.
  path: Assets/RW/Scripts/Title/StartButton1.cs
  artifactKey: Guid(710c75a82c31b494185bee709b6ae169) Importer(815301076,1909f56bfc062723c751e8b465ee728b)
Start importing Assets/RW/Scripts/Title/StartButton1.cs using Guid(710c75a82c31b494185bee709b6ae169) Importer(815301076,1909f56bfc062723c751e8b465ee728b)  -> (artifact id: 'd306a92852be1e9cadd20268bb1e6193') in 0.002085 seconds
  Import took 0.004944 seconds .

========================================================================
Received Import Request.
  Time since last request: 7.397228 seconds.
  path: Assets/RW/Scripts/Title/QuitButton.cs
  artifactKey: Guid(710c75a82c31b494185bee709b6ae169) Importer(815301076,1909f56bfc062723c751e8b465ee728b)
Start importing Assets/RW/Scripts/Title/QuitButton.cs using Guid(710c75a82c31b494185bee709b6ae169) Importer(815301076,1909f56bfc062723c751e8b465ee728b)  -> (artifact id: '79ff9da05882601fb8f645cd3d810cc9') in 0.001764 seconds
  Import took 0.004576 seconds .

========================================================================
Received Prepare
Registering precompiled user dll's ...
Registered in 0.001109 seconds.
Begin MonoManager ReloadAssembly
Native extension for OSXStandalone target not found
Refreshing native plugins compatible for Editor in 0.25 ms, found 1 plugins.
Preloading 0 native plugins for Editor in 0.00 ms.
Invoked RoslynAnalysisRunner static constructor.
RoslynAnalysisRunner will not be running.
RoslynAnalysisRunner has terminated.
Mono: successfully reloaded assembly
- Completed reload, in  0.950 seconds
Platform modules already initialized, skipping
Refreshing native plugins compatible for Editor in 0.24 ms, found 1 plugins.
Preloading 0 native plugins for Editor in 0.00 ms.
Unloading 1111 Unused Serialized files (Serialized files now loaded: 0)
System memory in use before: 136.0 MB.
System memory in use after: 136.1 MB.

Unloading 4 unused Assets to reduce memory usage. Loaded Objects now: 1651.
Total: 2.594726 ms (FindLiveObjects: 0.317187 ms CreateObjectMapping: 0.098889 ms MarkObjects: 2.160342 ms  DeleteObjects: 0.017033 ms)

========================================================================
Received Import Request.
  Time since last request: 51.368277 seconds.
  path: Assets/RW/Scripts/Title/QuitButton.cs
  artifactKey: Guid(710c75a82c31b494185bee709b6ae169) Importer(815301076,1909f56bfc062723c751e8b465ee728b)
Start importing Assets/RW/Scripts/Title/QuitButton.cs using Guid(710c75a82c31b494185bee709b6ae169) Importer(815301076,1909f56bfc062723c751e8b465ee728b)  -> (artifact id: '460ac5c99da8a025001c4da62aa397fd') in 0.007015 seconds
  Import took 0.010547 seconds .

========================================================================
Received Import Request.
  Time since last request: 63.010849 seconds.
  path: Assets/RW/Scripts/Title/ChangeColorOnMouseOver.cs
  artifactKey: Guid(3a647369855a84f2f910bcc0bdce6679) Importer(815301076,1909f56bfc062723c751e8b465ee728b)
Start importing Assets/RW/Scripts/Title/ChangeColorOnMouseOver.cs using Guid(3a647369855a84f2f910bcc0bdce6679) Importer(815301076,1909f56bfc062723c751e8b465ee728b)  -> (artifact id: '5f001e115e19dd729f951ddc4e63575f') in 0.005299 seconds
  Import took 0.008251 seconds .

========================================================================
Received Prepare
Registering precompiled user dll's ...
Registered in 0.001111 seconds.
Begin MonoManager ReloadAssembly
Native extension for OSXStandalone target not found
Refreshing native plugins compatible for Editor in 0.25 ms, found 1 plugins.
Preloading 0 native plugins for Editor in 0.00 ms.
Invoked RoslynAnalysisRunner static constructor.
RoslynAnalysisRunner will not be running.
RoslynAnalysisRunner has terminated.
Mono: successfully reloaded assembly
- Completed reload, in  1.019 seconds
Platform modules already initialized, skipping
Refreshing native plugins compatible for Editor in 0.25 ms, found 1 plugins.
Preloading 0 native plugins for Editor in 0.00 ms.
Unloading 1112 Unused Serialized files (Serialized files now loaded: 0)
System memory in use before: 136.1 MB.
System memory in use after: 136.2 MB.

Unloading 4 unused Assets to reduce memory usage. Loaded Objects now: 1654.
Total: 2.373388 ms (FindLiveObjects: 0.273082 ms CreateObjectMapping: 0.057054 ms MarkObjects: 2.026225 ms  DeleteObjects: 0.015310 ms)

========================================================================
Received Prepare
Registering precompiled user dll's ...
Registered in 0.001182 seconds.
Begin MonoManager ReloadAssembly
Native extension for OSXStandalone target not found
Refreshing native plugins compatible for Editor in 0.24 ms, found 1 plugins.
Preloading 0 native plugins for Editor in 0.00 ms.
Invoked RoslynAnalysisRunner static constructor.
RoslynAnalysisRunner will not be running.
RoslynAnalysisRunner has terminated.
Mono: successfully reloaded assembly
- Completed reload, in  0.956 seconds
Platform modules already initialized, skipping
Refreshing native plugins compatible for Editor in 0.26 ms, found 1 plugins.
Preloading 0 native plugins for Editor in 0.00 ms.
Unloading 1112 Unused Serialized files (Serialized files now loaded: 0)
System memory in use before: 136.4 MB.
System memory in use after: 136.5 MB.

Unloading 4 unused Assets to reduce memory usage. Loaded Objects now: 1656.
Total: 2.288989 ms (FindLiveObjects: 0.266882 ms CreateObjectMapping: 0.050884 ms MarkObjects: 1.950731 ms  DeleteObjects: 0.018504 ms)

========================================================================
Received Import Request.
  Time since last request: 119.553958 seconds.
  path: Assets/RW/Scripts/Title/ChangeColorOnMouseOver.cs
  artifactKey: Guid(3a647369855a84f2f910bcc0bdce6679) Importer(815301076,1909f56bfc062723c751e8b465ee728b)
Start importing Assets/RW/Scripts/Title/ChangeColorOnMouseOver.cs using Guid(3a647369855a84f2f910bcc0bdce6679) Importer(815301076,1909f56bfc062723c751e8b465ee728b)  -> (artifact id: '769bab17d04c6d7c028c30f729e084f0') in 0.007083 seconds
  Import took 0.010169 seconds .

========================================================================
Received Prepare
Registering precompiled user dll's ...
Registered in 0.002130 seconds.
Begin MonoManager ReloadAssembly
Native extension for OSXStandalone target not found
Refreshing native plugins compatible for Editor in 0.23 ms, found 1 plugins.
Preloading 0 native plugins for Editor in 0.00 ms.
Invoked RoslynAnalysisRunner static constructor.
RoslynAnalysisRunner will not be running.
RoslynAnalysisRunner has terminated.
Mono: successfully reloaded assembly
- Completed reload, in  0.951 seconds
Platform modules already initialized, skipping
Refreshing native plugins compatible for Editor in 0.25 ms, found 1 plugins.
Preloading 0 native plugins for Editor in 0.00 ms.
Unloading 1112 Unused Serialized files (Serialized files now loaded: 0)
System memory in use before: 136.5 MB.
System memory in use after: 136.6 MB.

Unloading 4 unused Assets to reduce memory usage. Loaded Objects now: 1658.
Total: 2.290034 ms (FindLiveObjects: 0.266852 ms CreateObjectMapping: 0.062615 ms MarkObjects: 1.944791 ms  DeleteObjects: 0.014547 ms)

========================================================================
Received Import Request.
  Time since last request: 1859.517328 seconds.
  path: Assets/RW/Prefabs/Hay Machine Models
  artifactKey: Guid(e45aac00bd452754d8b7cadfe745f44d) Importer(815301076,1909f56bfc062723c751e8b465ee728b)
Start importing Assets/RW/Prefabs/Hay Machine Models using Guid(e45aac00bd452754d8b7cadfe745f44d) Importer(815301076,1909f56bfc062723c751e8b465ee728b)  -> (artifact id: 'f625b94443462e1e32a97d327b20a395') in 0.005256 seconds
  Import took 0.008719 seconds .

========================================================================
Received Import Request.
  Time since last request: 0.076154 seconds.
  path: Assets/RW/Prefabs/Hay Machine Models/Hay Machine Blue.prefab
  artifactKey: Guid(5c5170d876533ae43bc2e4b15c8e6f6e) Importer(815301076,1909f56bfc062723c751e8b465ee728b)
Start importing Assets/RW/Prefabs/Hay Machine Models/Hay Machine Blue.prefab using Guid(5c5170d876533ae43bc2e4b15c8e6f6e) Importer(815301076,1909f56bfc062723c751e8b465ee728b)  -> (artifact id: '9155d33e89bfa5fa6cd6360a5f05ad13') in 0.065976 seconds
  Import took 0.069520 seconds .

========================================================================
Received Import Request.
  Time since last request: 0.000207 seconds.
  path: Assets/RW/Prefabs/Hay Machine Models/Hay Machine Yellow.prefab
  artifactKey: Guid(28d1a170d9eea59478aa66152b57f446) Importer(815301076,1909f56bfc062723c751e8b465ee728b)
Start importing Assets/RW/Prefabs/Hay Machine Models/Hay Machine Yellow.prefab using Guid(28d1a170d9eea59478aa66152b57f446) Importer(815301076,1909f56bfc062723c751e8b465ee728b)  -> (artifact id: '51787324a6eb310fa08ef68d8c02bb65') in 0.012128 seconds
  Import took 0.014607 seconds .

========================================================================
Received Import Request.
  Time since last request: 0.000197 seconds.
  path: Assets/RW/Prefabs/Hay Machine Models/Hay Machine Red.prefab
  artifactKey: Guid(5162234e78cffba45b0498c4775c0be7) Importer(815301076,1909f56bfc062723c751e8b465ee728b)
Start importing Assets/RW/Prefabs/Hay Machine Models/Hay Machine Red.prefab using Guid(5162234e78cffba45b0498c4775c0be7) Importer(815301076,1909f56bfc062723c751e8b465ee728b)  -> (artifact id: '78cd713b98cfa917f25a9e62a7f9bbb4') in 0.020933 seconds
  Import took 0.023736 seconds .

========================================================================
Received Import Request.
  Time since last request: 127.795308 seconds.
  path: Assets/RW/Scripts/Shared
  artifactKey: Guid(5b50431f2c3ae4f8fa7b3aa51f481c37) Importer(815301076,1909f56bfc062723c751e8b465ee728b)
Start importing Assets/RW/Scripts/Shared using Guid(5b50431f2c3ae4f8fa7b3aa51f481c37) Importer(815301076,1909f56bfc062723c751e8b465ee728b)  -> (artifact id: '0aabfeface5d8e6be132a49b33f5fa0d') in 0.001783 seconds
  Import took 0.004752 seconds .

========================================================================
Received Import Request.
  Time since last request: 16.032123 seconds.
  path: Assets/RW/Scripts/Shared/HayMachineColor.cs
  artifactKey: Guid(13957678b08414032b62a099492051bf) Importer(815301076,1909f56bfc062723c751e8b465ee728b)
Start importing Assets/RW/Scripts/Shared/HayMachineColor.cs using Guid(13957678b08414032b62a099492051bf) Importer(815301076,1909f56bfc062723c751e8b465ee728b)  -> (artifact id: 'd0cf037d8796732ce37e0e15270791c7') in 0.004521 seconds
  Import took 0.007232 seconds .

========================================================================
Received Prepare
Registering precompiled user dll's ...
Registered in 0.001129 seconds.
Begin MonoManager ReloadAssembly
Native extension for OSXStandalone target not found
Refreshing native plugins compatible for Editor in 0.24 ms, found 1 plugins.
Preloading 0 native plugins for Editor in 0.00 ms.
Invoked RoslynAnalysisRunner static constructor.
RoslynAnalysisRunner will not be running.
RoslynAnalysisRunner has terminated.
Mono: successfully reloaded assembly
- Completed reload, in  0.950 seconds
Platform modules already initialized, skipping
Refreshing native plugins compatible for Editor in 0.23 ms, found 1 plugins.
Preloading 0 native plugins for Editor in 0.00 ms.
Unloading 1113 Unused Serialized files (Serialized files now loaded: 0)
System memory in use before: 136.8 MB.
System memory in use after: 136.9 MB.

Unloading 4 unused Assets to reduce memory usage. Loaded Objects now: 1662.
Total: 2.624101 ms (FindLiveObjects: 0.241726 ms CreateObjectMapping: 0.072935 ms MarkObjects: 2.290987 ms  DeleteObjects: 0.016162 ms)

========================================================================
Received Prepare
Registering precompiled user dll's ...
Registered in 0.001047 seconds.
Begin MonoManager ReloadAssembly
Native extension for OSXStandalone target not found
Refreshing native plugins compatible for Editor in 0.23 ms, found 1 plugins.
Preloading 0 native plugins for Editor in 0.00 ms.
Invoked RoslynAnalysisRunner static constructor.
RoslynAnalysisRunner will not be running.
RoslynAnalysisRunner has terminated.
Mono: successfully reloaded assembly
- Completed reload, in  0.973 seconds
Platform modules already initialized, skipping
Refreshing native plugins compatible for Editor in 0.24 ms, found 1 plugins.
Preloading 0 native plugins for Editor in 0.00 ms.
Unloading 1113 Unused Serialized files (Serialized files now loaded: 0)
System memory in use before: 137.0 MB.
System memory in use after: 137.1 MB.

Unloading 4 unused Assets to reduce memory usage. Loaded Objects now: 1664.
Total: 2.578160 ms (FindLiveObjects: 0.352445 ms CreateObjectMapping: 0.085777 ms MarkObjects: 2.116492 ms  DeleteObjects: 0.019780 ms)

========================================================================
Received Import Request.
  Time since last request: 107.565294 seconds.
  path: Assets/RW/Scripts/Shared/HayMachineColor.cs
  artifactKey: Guid(13957678b08414032b62a099492051bf) Importer(815301076,1909f56bfc062723c751e8b465ee728b)
Start importing Assets/RW/Scripts/Shared/HayMachineColor.cs using Guid(13957678b08414032b62a099492051bf) Importer(815301076,1909f56bfc062723c751e8b465ee728b)  -> (artifact id: '75914df4db54fcfa02c81fd81c59ee3c') in 0.006337 seconds
  Import took 0.008772 seconds .

========================================================================
Received Import Request.
  Time since last request: 6.071549 seconds.
  path: Assets/RW/Scripts/Shared/GameSettings.cs
  artifactKey: Guid(d0b13d8508e6e4cbd82b65e5d10ee721) Importer(815301076,1909f56bfc062723c751e8b465ee728b)
Start importing Assets/RW/Scripts/Shared/GameSettings.cs using Guid(d0b13d8508e6e4cbd82b65e5d10ee721) Importer(815301076,1909f56bfc062723c751e8b465ee728b)  -> (artifact id: '6f6c9aae03685e87b43a353f74e881ae') in 0.004377 seconds
  Import took 0.007158 seconds .

========================================================================
Received Prepare
Registering precompiled user dll's ...
Registered in 0.001138 seconds.
Begin MonoManager ReloadAssembly
Native extension for OSXStandalone target not found
Refreshing native plugins compatible for Editor in 0.24 ms, found 1 plugins.
Preloading 0 native plugins for Editor in 0.00 ms.
Invoked RoslynAnalysisRunner static constructor.
RoslynAnalysisRunner will not be running.
RoslynAnalysisRunner has terminated.
Mono: successfully reloaded assembly
- Completed reload, in  0.934 seconds
Platform modules already initialized, skipping
Refreshing native plugins compatible for Editor in 0.23 ms, found 1 plugins.
Preloading 0 native plugins for Editor in 0.00 ms.
Unloading 1114 Unused Serialized files (Serialized files now loaded: 0)
System memory in use before: 137.2 MB.
System memory in use after: 137.3 MB.

Unloading 4 unused Assets to reduce memory usage. Loaded Objects now: 1667.
Total: 2.471305 ms (FindLiveObjects: 0.247214 ms CreateObjectMapping: 0.051617 ms MarkObjects: 2.146215 ms  DeleteObjects: 0.023969 ms)

========================================================================
Received Prepare
Registering precompiled user dll's ...
Registered in 0.001443 seconds.
Begin MonoManager ReloadAssembly
Native extension for OSXStandalone target not found
Refreshing native plugins compatible for Editor in 0.24 ms, found 1 plugins.
Preloading 0 native plugins for Editor in 0.00 ms.
Invoked RoslynAnalysisRunner static constructor.
RoslynAnalysisRunner will not be running.
RoslynAnalysisRunner has terminated.
Mono: successfully reloaded assembly
- Completed reload, in  0.985 seconds
Platform modules already initialized, skipping
Refreshing native plugins compatible for Editor in 0.24 ms, found 1 plugins.
Preloading 0 native plugins for Editor in 0.00 ms.
Unloading 1114 Unused Serialized files (Serialized files now loaded: 0)
System memory in use before: 137.3 MB.
System memory in use after: 137.4 MB.

Unloading 4 unused Assets to reduce memory usage. Loaded Objects now: 1669.
Total: 2.479133 ms (FindLiveObjects: 0.269999 ms CreateObjectMapping: 0.053094 ms MarkObjects: 2.138306 ms  DeleteObjects: 0.015843 ms)

========================================================================
Received Import Request.
  Time since last request: 54.672806 seconds.
  path: Assets/RW/Scripts/Shared/GameSettings.cs
  artifactKey: Guid(d0b13d8508e6e4cbd82b65e5d10ee721) Importer(815301076,1909f56bfc062723c751e8b465ee728b)
Start importing Assets/RW/Scripts/Shared/GameSettings.cs using Guid(d0b13d8508e6e4cbd82b65e5d10ee721) Importer(815301076,1909f56bfc062723c751e8b465ee728b)  -> (artifact id: 'e28a71c3a170bc5a03ae79ca8969a436') in 0.007622 seconds
  Import took 0.010989 seconds .

========================================================================
Received Import Request.
  Time since last request: 8.707323 seconds.
  path: Assets/RW/Scripts/Shared/HayMachineSwitcher.cs
  artifactKey: Guid(3d978eebcc30f4b6eb118183a88b9580) Importer(815301076,1909f56bfc062723c751e8b465ee728b)
Start importing Assets/RW/Scripts/Shared/HayMachineSwitcher.cs using Guid(3d978eebcc30f4b6eb118183a88b9580) Importer(815301076,1909f56bfc062723c751e8b465ee728b)  -> (artifact id: '0301dc9406c06b181e1ecef63d64fc75') in 0.004343 seconds
  Import took 0.007037 seconds .

========================================================================
Received Prepare
Registering precompiled user dll's ...
Registered in 0.001128 seconds.
Begin MonoManager ReloadAssembly
Native extension for OSXStandalone target not found
Refreshing native plugins compatible for Editor in 0.24 ms, found 1 plugins.
Preloading 0 native plugins for Editor in 0.00 ms.
Invoked RoslynAnalysisRunner static constructor.
RoslynAnalysisRunner will not be running.
RoslynAnalysisRunner has terminated.
Mono: successfully reloaded assembly
- Completed reload, in  0.919 seconds
Platform modules already initialized, skipping
Refreshing native plugins compatible for Editor in 0.23 ms, found 1 plugins.
Preloading 0 native plugins for Editor in 0.00 ms.
Unloading 1115 Unused Serialized files (Serialized files now loaded: 0)
System memory in use before: 137.5 MB.
System memory in use after: 137.6 MB.

Unloading 4 unused Assets to reduce memory usage. Loaded Objects now: 1672.
Total: 2.093087 ms (FindLiveObjects: 0.268598 ms CreateObjectMapping: 0.044553 ms MarkObjects: 1.761378 ms  DeleteObjects: 0.016815 ms)

========================================================================
Received Prepare
Registering precompiled user dll's ...
Registered in 0.001039 seconds.
Begin MonoManager ReloadAssembly
Native extension for OSXStandalone target not found
Refreshing native plugins compatible for Editor in 0.24 ms, found 1 plugins.
Preloading 0 native plugins for Editor in 0.00 ms.
Invoked RoslynAnalysisRunner static constructor.
RoslynAnalysisRunner will not be running.
RoslynAnalysisRunner has terminated.
Mono: successfully reloaded assembly
- Completed reload, in  1.029 seconds
Platform modules already initialized, skipping
Refreshing native plugins compatible for Editor in 0.24 ms, found 1 plugins.
Preloading 0 native plugins for Editor in 0.00 ms.
Unloading 1115 Unused Serialized files (Serialized files now loaded: 0)
System memory in use before: 137.7 MB.
System memory in use after: 137.8 MB.

Unloading 4 unused Assets to reduce memory usage. Loaded Objects now: 1674.
Total: 1.983608 ms (FindLiveObjects: 0.229314 ms CreateObjectMapping: 0.073973 ms MarkObjects: 1.666028 ms  DeleteObjects: 0.013283 ms)

========================================================================
Received Import Request.
  Time since last request: 295.901738 seconds.
  path: Assets/RW/Scripts/Shared/HayMachineSwitcher.cs
  artifactKey: Guid(3d978eebcc30f4b6eb118183a88b9580) Importer(815301076,1909f56bfc062723c751e8b465ee728b)
Start importing Assets/RW/Scripts/Shared/HayMachineSwitcher.cs using Guid(3d978eebcc30f4b6eb118183a88b9580) Importer(815301076,1909f56bfc062723c751e8b465ee728b)  -> (artifact id: '9020dbbc3b815b0797dc4c6708d6c595') in 0.007505 seconds
  Import took 0.010802 seconds .

========================================================================
Received Prepare
Registering precompiled user dll's ...
Registered in 0.001146 seconds.
Begin MonoManager ReloadAssembly
Native extension for OSXStandalone target not found
Refreshing native plugins compatible for Editor in 0.25 ms, found 1 plugins.
Preloading 0 native plugins for Editor in 0.00 ms.
Invoked RoslynAnalysisRunner static constructor.
RoslynAnalysisRunner will not be running.
RoslynAnalysisRunner has terminated.
Mono: successfully reloaded assembly
- Completed reload, in  0.948 seconds
Platform modules already initialized, skipping
Refreshing native plugins compatible for Editor in 0.23 ms, found 1 plugins.
Preloading 0 native plugins for Editor in 0.00 ms.
Unloading 1115 Unused Serialized files (Serialized files now loaded: 0)
System memory in use before: 137.9 MB.
System memory in use after: 138.0 MB.

Unloading 4 unused Assets to reduce memory usage. Loaded Objects now: 1676.
Total: 2.789346 ms (FindLiveObjects: 0.325795 ms CreateObjectMapping: 0.074498 ms MarkObjects: 2.365918 ms  DeleteObjects: 0.021028 ms)

========================================================================
Received Import Request.
  Time since last request: 209.778629 seconds.
  path: Assets/RW/Scripts/MachineMovement.cs
  artifactKey: Guid(b9244715a126045fd9f8e59cac2c9c66) Importer(815301076,1909f56bfc062723c751e8b465ee728b)
Start importing Assets/RW/Scripts/MachineMovement.cs using Guid(b9244715a126045fd9f8e59cac2c9c66) Importer(815301076,1909f56bfc062723c751e8b465ee728b)  -> (artifact id: '1c857806ea8cc05107ba2ae7dc20fd2f') in 0.007461 seconds
  Import took 0.010943 seconds .

========================================================================
Received Import Request.
  Time since last request: 11.217945 seconds.
  path: Assets/RW/Scenes/Game.unity
  artifactKey: Guid(c7d17eeaad25ad645b5a59c641b15767) Importer(815301076,1909f56bfc062723c751e8b465ee728b)
Start importing Assets/RW/Scenes/Game.unity using Guid(c7d17eeaad25ad645b5a59c641b15767) Importer(815301076,1909f56bfc062723c751e8b465ee728b)  -> (artifact id: '21f32eeb2da98be27b8b93c303382d91') in 0.010700 seconds
  Import took 0.013414 seconds .

========================================================================
Received Import Request.
  Time since last request: 69.083161 seconds.
  path: Assets/RW/Scenes/Title.unity
  artifactKey: Guid(54f7faf678be11946b167b94af6da5b7) Importer(815301076,1909f56bfc062723c751e8b465ee728b)
Start importing Assets/RW/Scenes/Title.unity using Guid(54f7faf678be11946b167b94af6da5b7) Importer(815301076,1909f56bfc062723c751e8b465ee728b)  -> (artifact id: 'c0830ea5bdb8bb529b53819306f5bd89') in 0.001975 seconds
  Import took 0.004519 seconds .

========================================================================
Received Prepare
Registering precompiled user dll's ...
Registered in 0.003111 seconds.
Begin MonoManager ReloadAssembly
Native extension for OSXStandalone target not found
Refreshing native plugins compatible for Editor in 0.69 ms, found 1 plugins.
Preloading 0 native plugins for Editor in 0.00 ms.
Invoked RoslynAnalysisRunner static constructor.
RoslynAnalysisRunner will not be running.
RoslynAnalysisRunner has terminated.
Mono: successfully reloaded assembly
- Completed reload, in  3.507 seconds
Platform modules already initialized, skipping
Refreshing native plugins compatible for Editor in 0.55 ms, found 1 plugins.
Preloading 0 native plugins for Editor in 0.00 ms.
Unloading 1115 Unused Serialized files (Serialized files now loaded: 0)
System memory in use before: 138.0 MB.
System memory in use after: 138.1 MB.

Unloading 4 unused Assets to reduce memory usage. Loaded Objects now: 1678.
Total: 5.027540 ms (FindLiveObjects: 0.474266 ms CreateObjectMapping: 0.188158 ms MarkObjects: 4.326550 ms  DeleteObjects: 0.035278 ms)

